

Started GET "/" for 127.0.0.1 at 2014-11-03 11:24:34 +0000

ActiveRecord::NoDatabaseError (FATAL:  database "yelp_clone_development" does not exist
Run `$ bin/rake db:create db:migrate` to create your database):
  activerecord (4.1.7) lib/active_record/connection_adapters/postgresql_adapter.rb:898:in `rescue in connect'
  activerecord (4.1.7) lib/active_record/connection_adapters/postgresql_adapter.rb:888:in `connect'
  activerecord (4.1.7) lib/active_record/connection_adapters/postgresql_adapter.rb:568:in `initialize'
  activerecord (4.1.7) lib/active_record/connection_adapters/postgresql_adapter.rb:41:in `new'
  activerecord (4.1.7) lib/active_record/connection_adapters/postgresql_adapter.rb:41:in `postgresql_connection'
  activerecord (4.1.7) lib/active_record/connection_adapters/abstract/connection_pool.rb:435:in `new_connection'
  activerecord (4.1.7) lib/active_record/connection_adapters/abstract/connection_pool.rb:445:in `checkout_new_connection'
  activerecord (4.1.7) lib/active_record/connection_adapters/abstract/connection_pool.rb:416:in `acquire_connection'
  activerecord (4.1.7) lib/active_record/connection_adapters/abstract/connection_pool.rb:351:in `block in checkout'
  /Users/fadie/.rvm/rubies/ruby-2.1.2/lib/ruby/2.1.0/monitor.rb:211:in `mon_synchronize'
  activerecord (4.1.7) lib/active_record/connection_adapters/abstract/connection_pool.rb:350:in `checkout'
  activerecord (4.1.7) lib/active_record/connection_adapters/abstract/connection_pool.rb:265:in `block in connection'
  /Users/fadie/.rvm/rubies/ruby-2.1.2/lib/ruby/2.1.0/monitor.rb:211:in `mon_synchronize'
  activerecord (4.1.7) lib/active_record/connection_adapters/abstract/connection_pool.rb:264:in `connection'
  activerecord (4.1.7) lib/active_record/connection_adapters/abstract/connection_pool.rb:541:in `retrieve_connection'
  activerecord (4.1.7) lib/active_record/connection_handling.rb:113:in `retrieve_connection'
  activerecord (4.1.7) lib/active_record/connection_handling.rb:87:in `connection'
  activerecord (4.1.7) lib/active_record/query_cache.rb:51:in `restore_query_cache_settings'
  activerecord (4.1.7) lib/active_record/query_cache.rb:43:in `rescue in call'
  activerecord (4.1.7) lib/active_record/query_cache.rb:32:in `call'
  activerecord (4.1.7) lib/active_record/connection_adapters/abstract/connection_pool.rb:621:in `call'
  activerecord (4.1.7) lib/active_record/migration.rb:380:in `call'
  actionpack (4.1.7) lib/action_dispatch/middleware/callbacks.rb:29:in `block in call'
  activesupport (4.1.7) lib/active_support/callbacks.rb:82:in `run_callbacks'
  actionpack (4.1.7) lib/action_dispatch/middleware/callbacks.rb:27:in `call'
  actionpack (4.1.7) lib/action_dispatch/middleware/reloader.rb:73:in `call'
  actionpack (4.1.7) lib/action_dispatch/middleware/remote_ip.rb:76:in `call'
  actionpack (4.1.7) lib/action_dispatch/middleware/debug_exceptions.rb:17:in `call'
  actionpack (4.1.7) lib/action_dispatch/middleware/show_exceptions.rb:30:in `call'
  railties (4.1.7) lib/rails/rack/logger.rb:38:in `call_app'
  railties (4.1.7) lib/rails/rack/logger.rb:20:in `block in call'
  activesupport (4.1.7) lib/active_support/tagged_logging.rb:68:in `block in tagged'
  activesupport (4.1.7) lib/active_support/tagged_logging.rb:26:in `tagged'
  activesupport (4.1.7) lib/active_support/tagged_logging.rb:68:in `tagged'
  railties (4.1.7) lib/rails/rack/logger.rb:20:in `call'
  actionpack (4.1.7) lib/action_dispatch/middleware/request_id.rb:21:in `call'
  rack (1.5.2) lib/rack/methodoverride.rb:21:in `call'
  rack (1.5.2) lib/rack/runtime.rb:17:in `call'
  activesupport (4.1.7) lib/active_support/cache/strategy/local_cache_middleware.rb:26:in `call'
  rack (1.5.2) lib/rack/lock.rb:17:in `call'
  actionpack (4.1.7) lib/action_dispatch/middleware/static.rb:84:in `call'
  rack (1.5.2) lib/rack/sendfile.rb:112:in `call'
  railties (4.1.7) lib/rails/engine.rb:514:in `call'
  railties (4.1.7) lib/rails/application.rb:144:in `call'
  rack (1.5.2) lib/rack/lock.rb:17:in `call'
  rack (1.5.2) lib/rack/content_length.rb:14:in `call'
  rack (1.5.2) lib/rack/handler/webrick.rb:60:in `service'
  /Users/fadie/.rvm/rubies/ruby-2.1.2/lib/ruby/2.1.0/webrick/httpserver.rb:138:in `service'
  /Users/fadie/.rvm/rubies/ruby-2.1.2/lib/ruby/2.1.0/webrick/httpserver.rb:94:in `run'
  /Users/fadie/.rvm/rubies/ruby-2.1.2/lib/ruby/2.1.0/webrick/server.rb:295:in `block in start_thread'


  Rendered /Users/fadie/.rvm/gems/ruby-2.1.2/gems/actionpack-4.1.7/lib/action_dispatch/middleware/templates/rescues/_source.erb (0.4ms)
  Rendered /Users/fadie/.rvm/gems/ruby-2.1.2/gems/actionpack-4.1.7/lib/action_dispatch/middleware/templates/rescues/_trace.html.erb (0.8ms)
  Rendered /Users/fadie/.rvm/gems/ruby-2.1.2/gems/actionpack-4.1.7/lib/action_dispatch/middleware/templates/rescues/_request_and_response.html.erb (0.7ms)
  Rendered /Users/fadie/.rvm/gems/ruby-2.1.2/gems/actionpack-4.1.7/lib/action_dispatch/middleware/templates/rescues/diagnostics.erb within rescues/layout (13.1ms)


Started GET "/" for 127.0.0.1 at 2014-11-03 11:25:04 +0000
Processing by Rails::WelcomeController#index as HTML
  Rendered /Users/fadie/.rvm/gems/ruby-2.1.2/gems/railties-4.1.7/lib/rails/templates/rails/welcome/index.html.erb (1.1ms)
Completed 200 OK in 12ms (Views: 4.6ms | ActiveRecord: 0.0ms)
  [1m[36m (12.6ms)[0m  [1mCREATE TABLE "schema_migrations" ("version" character varying(255) NOT NULL) [0m
  [1m[35m (1.5ms)[0m  CREATE UNIQUE INDEX  "unique_schema_migrations" ON "schema_migrations"  ("version")
  [1m[36mActiveRecord::SchemaMigration Load (0.2ms)[0m  [1mSELECT "schema_migrations".* FROM "schema_migrations"[0m
Migrating to CreateRestaurants (20141103115250)
  [1m[35m (0.1ms)[0m  BEGIN
  [1m[36m (3.1ms)[0m  [1mCREATE TABLE "restaurants" ("id" serial primary key, "name" character varying(255), "description" text, "created_at" timestamp, "updated_at" timestamp) [0m
  [1m[35mSQL (0.3ms)[0m  INSERT INTO "schema_migrations" ("version") VALUES ($1)  [["version", "20141103115250"]]
  [1m[36m (0.3ms)[0m  [1mCOMMIT[0m
  [1m[35mActiveRecord::SchemaMigration Load (0.2ms)[0m  SELECT "schema_migrations".* FROM "schema_migrations"
  [1m[36mActiveRecord::SchemaMigration Load (0.3ms)[0m  [1mSELECT "schema_migrations".* FROM "schema_migrations"[0m
Migrating to AddDescriptionToRestaurants (20141103130038)
  [1m[35m (0.1ms)[0m  BEGIN
  [1m[36m (0.4ms)[0m  [1mALTER TABLE "restaurants" ADD COLUMN "description" text[0m
PG::DuplicateColumn: ERROR:  column "description" of relation "restaurants" already exists
: ALTER TABLE "restaurants" ADD COLUMN "description" text
  [1m[35m (0.1ms)[0m  ROLLBACK
  [1m[36mActiveRecord::SchemaMigration Load (0.3ms)[0m  [1mSELECT "schema_migrations".* FROM "schema_migrations"[0m
  [1m[35mActiveRecord::SchemaMigration Load (0.1ms)[0m  SELECT "schema_migrations".* FROM "schema_migrations"
Migrating to CreateRestaurants (20141103115250)
  [1m[36m (0.1ms)[0m  [1mBEGIN[0m
  [1m[35m (1.2ms)[0m  DROP TABLE "restaurants"
  [1m[36mSQL (0.4ms)[0m  [1mDELETE FROM "schema_migrations" WHERE "schema_migrations"."version" = '20141103115250'[0m
  [1m[35m (9.1ms)[0m  COMMIT
  [1m[36mActiveRecord::SchemaMigration Load (0.2ms)[0m  [1mSELECT "schema_migrations".* FROM "schema_migrations"[0m
  [1m[36mActiveRecord::SchemaMigration Load (0.3ms)[0m  [1mSELECT "schema_migrations".* FROM "schema_migrations"[0m
  [1m[35mActiveRecord::SchemaMigration Load (0.2ms)[0m  SELECT "schema_migrations".* FROM "schema_migrations"
  [1m[36mActiveRecord::SchemaMigration Load (0.3ms)[0m  [1mSELECT "schema_migrations".* FROM "schema_migrations"[0m
Migrating to CreateRestaurants (20141103115250)
  [1m[35m (0.1ms)[0m  BEGIN
  [1m[36m (11.7ms)[0m  [1mCREATE TABLE "restaurants" ("id" serial primary key, "name" character varying(255), "description" text, "created_at" timestamp, "updated_at" timestamp) [0m
  [1m[35mSQL (0.2ms)[0m  INSERT INTO "schema_migrations" ("version") VALUES ($1)  [["version", "20141103115250"]]
  [1m[36m (0.7ms)[0m  [1mCOMMIT[0m
Migrating to AddDescriptionToRestaurants (20141103130038)
  [1m[35m (0.2ms)[0m  BEGIN
  [1m[36m (0.5ms)[0m  [1mALTER TABLE "restaurants" ADD COLUMN "description" text[0m
PG::DuplicateColumn: ERROR:  column "description" of relation "restaurants" already exists
: ALTER TABLE "restaurants" ADD COLUMN "description" text
  [1m[35m (0.1ms)[0m  ROLLBACK
  [1m[36mActiveRecord::SchemaMigration Load (0.3ms)[0m  [1mSELECT "schema_migrations".* FROM "schema_migrations"[0m
  [1m[35mActiveRecord::SchemaMigration Load (0.1ms)[0m  SELECT "schema_migrations".* FROM "schema_migrations"
Migrating to CreateRestaurants (20141103115250)
  [1m[36m (0.1ms)[0m  [1mBEGIN[0m
  [1m[35m (0.9ms)[0m  DROP TABLE "restaurants"
  [1m[36mSQL (0.4ms)[0m  [1mDELETE FROM "schema_migrations" WHERE "schema_migrations"."version" = '20141103115250'[0m
  [1m[35m (9.5ms)[0m  COMMIT
  [1m[36mActiveRecord::SchemaMigration Load (0.1ms)[0m  [1mSELECT "schema_migrations".* FROM "schema_migrations"[0m


Started GET "/" for 127.0.0.1 at 2014-11-03 13:27:44 +0000
  [1m[36mActiveRecord::SchemaMigration Load (0.4ms)[0m  [1mSELECT "schema_migrations".* FROM "schema_migrations"[0m

ActiveRecord::PendingMigrationError (

Migrations are pending. To resolve this issue, run:

	bin/rake db:migrate RAILS_ENV=development

):
  activerecord (4.1.7) lib/active_record/migration.rb:389:in `check_pending!'
  activerecord (4.1.7) lib/active_record/migration.rb:377:in `call'
  actionpack (4.1.7) lib/action_dispatch/middleware/callbacks.rb:29:in `block in call'
  activesupport (4.1.7) lib/active_support/callbacks.rb:82:in `run_callbacks'
  actionpack (4.1.7) lib/action_dispatch/middleware/callbacks.rb:27:in `call'
  actionpack (4.1.7) lib/action_dispatch/middleware/reloader.rb:73:in `call'
  actionpack (4.1.7) lib/action_dispatch/middleware/remote_ip.rb:76:in `call'
  actionpack (4.1.7) lib/action_dispatch/middleware/debug_exceptions.rb:17:in `call'
  actionpack (4.1.7) lib/action_dispatch/middleware/show_exceptions.rb:30:in `call'
  railties (4.1.7) lib/rails/rack/logger.rb:38:in `call_app'
  railties (4.1.7) lib/rails/rack/logger.rb:20:in `block in call'
  activesupport (4.1.7) lib/active_support/tagged_logging.rb:68:in `block in tagged'
  activesupport (4.1.7) lib/active_support/tagged_logging.rb:26:in `tagged'
  activesupport (4.1.7) lib/active_support/tagged_logging.rb:68:in `tagged'
  railties (4.1.7) lib/rails/rack/logger.rb:20:in `call'
  actionpack (4.1.7) lib/action_dispatch/middleware/request_id.rb:21:in `call'
  rack (1.5.2) lib/rack/methodoverride.rb:21:in `call'
  rack (1.5.2) lib/rack/runtime.rb:17:in `call'
  activesupport (4.1.7) lib/active_support/cache/strategy/local_cache_middleware.rb:26:in `call'
  rack (1.5.2) lib/rack/lock.rb:17:in `call'
  actionpack (4.1.7) lib/action_dispatch/middleware/static.rb:84:in `call'
  rack (1.5.2) lib/rack/sendfile.rb:112:in `call'
  railties (4.1.7) lib/rails/engine.rb:514:in `call'
  railties (4.1.7) lib/rails/application.rb:144:in `call'
  rack (1.5.2) lib/rack/lock.rb:17:in `call'
  rack (1.5.2) lib/rack/content_length.rb:14:in `call'
  rack (1.5.2) lib/rack/handler/webrick.rb:60:in `service'
  /Users/fadie/.rvm/rubies/ruby-2.1.2/lib/ruby/2.1.0/webrick/httpserver.rb:138:in `service'
  /Users/fadie/.rvm/rubies/ruby-2.1.2/lib/ruby/2.1.0/webrick/httpserver.rb:94:in `run'
  /Users/fadie/.rvm/rubies/ruby-2.1.2/lib/ruby/2.1.0/webrick/server.rb:295:in `block in start_thread'


  Rendered /Users/fadie/.rvm/gems/ruby-2.1.2/gems/actionpack-4.1.7/lib/action_dispatch/middleware/templates/rescues/_source.erb (0.5ms)
  Rendered /Users/fadie/.rvm/gems/ruby-2.1.2/gems/actionpack-4.1.7/lib/action_dispatch/middleware/templates/rescues/_trace.html.erb (0.8ms)
  Rendered /Users/fadie/.rvm/gems/ruby-2.1.2/gems/actionpack-4.1.7/lib/action_dispatch/middleware/templates/rescues/_request_and_response.html.erb (0.7ms)
  Rendered /Users/fadie/.rvm/gems/ruby-2.1.2/gems/actionpack-4.1.7/lib/action_dispatch/middleware/templates/rescues/diagnostics.erb within rescues/layout (11.6ms)
  [1m[36mActiveRecord::SchemaMigration Load (0.3ms)[0m  [1mSELECT "schema_migrations".* FROM "schema_migrations"[0m
Migrating to CreateRestaurants (20141103115250)
  [1m[35m (0.1ms)[0m  BEGIN
  [1m[36m (11.6ms)[0m  [1mCREATE TABLE "restaurants" ("id" serial primary key, "name" character varying(255), "description" text, "created_at" timestamp, "updated_at" timestamp) [0m
  [1m[35mSQL (0.2ms)[0m  INSERT INTO "schema_migrations" ("version") VALUES ($1)  [["version", "20141103115250"]]
  [1m[36m (0.7ms)[0m  [1mCOMMIT[0m
  [1m[35mActiveRecord::SchemaMigration Load (0.1ms)[0m  SELECT "schema_migrations".* FROM "schema_migrations"


Started GET "/" for 127.0.0.1 at 2014-11-03 13:28:20 +0000
  [1m[36mActiveRecord::SchemaMigration Load (0.3ms)[0m  [1mSELECT "schema_migrations".* FROM "schema_migrations"[0m
Processing by Rails::WelcomeController#index as HTML
  Rendered /Users/fadie/.rvm/gems/ruby-2.1.2/gems/railties-4.1.7/lib/rails/templates/rails/welcome/index.html.erb (1.3ms)
Completed 200 OK in 12ms (Views: 4.9ms | ActiveRecord: 0.0ms)


Started GET "/restaurant" for 127.0.0.1 at 2014-11-03 13:28:26 +0000

ActionController::RoutingError (No route matches [GET] "/restaurant"):
  actionpack (4.1.7) lib/action_dispatch/middleware/debug_exceptions.rb:21:in `call'
  actionpack (4.1.7) lib/action_dispatch/middleware/show_exceptions.rb:30:in `call'
  railties (4.1.7) lib/rails/rack/logger.rb:38:in `call_app'
  railties (4.1.7) lib/rails/rack/logger.rb:20:in `block in call'
  activesupport (4.1.7) lib/active_support/tagged_logging.rb:68:in `block in tagged'
  activesupport (4.1.7) lib/active_support/tagged_logging.rb:26:in `tagged'
  activesupport (4.1.7) lib/active_support/tagged_logging.rb:68:in `tagged'
  railties (4.1.7) lib/rails/rack/logger.rb:20:in `call'
  actionpack (4.1.7) lib/action_dispatch/middleware/request_id.rb:21:in `call'
  rack (1.5.2) lib/rack/methodoverride.rb:21:in `call'
  rack (1.5.2) lib/rack/runtime.rb:17:in `call'
  activesupport (4.1.7) lib/active_support/cache/strategy/local_cache_middleware.rb:26:in `call'
  rack (1.5.2) lib/rack/lock.rb:17:in `call'
  actionpack (4.1.7) lib/action_dispatch/middleware/static.rb:84:in `call'
  rack (1.5.2) lib/rack/sendfile.rb:112:in `call'
  railties (4.1.7) lib/rails/engine.rb:514:in `call'
  railties (4.1.7) lib/rails/application.rb:144:in `call'
  rack (1.5.2) lib/rack/lock.rb:17:in `call'
  rack (1.5.2) lib/rack/content_length.rb:14:in `call'
  rack (1.5.2) lib/rack/handler/webrick.rb:60:in `service'
  /Users/fadie/.rvm/rubies/ruby-2.1.2/lib/ruby/2.1.0/webrick/httpserver.rb:138:in `service'
  /Users/fadie/.rvm/rubies/ruby-2.1.2/lib/ruby/2.1.0/webrick/httpserver.rb:94:in `run'
  /Users/fadie/.rvm/rubies/ruby-2.1.2/lib/ruby/2.1.0/webrick/server.rb:295:in `block in start_thread'


  Rendered /Users/fadie/.rvm/gems/ruby-2.1.2/gems/actionpack-4.1.7/lib/action_dispatch/middleware/templates/rescues/_trace.html.erb (0.8ms)
  Rendered /Users/fadie/.rvm/gems/ruby-2.1.2/gems/actionpack-4.1.7/lib/action_dispatch/middleware/templates/routes/_route.html.erb (0.9ms)
  Rendered /Users/fadie/.rvm/gems/ruby-2.1.2/gems/actionpack-4.1.7/lib/action_dispatch/middleware/templates/routes/_table.html.erb (5.5ms)
  Rendered /Users/fadie/.rvm/gems/ruby-2.1.2/gems/actionpack-4.1.7/lib/action_dispatch/middleware/templates/rescues/routing_error.html.erb within rescues/layout (21.1ms)


Started GET "/restaurants" for 127.0.0.1 at 2014-11-03 13:28:32 +0000
Processing by RestaurantsController#index as HTML
  [1m[35m (0.3ms)[0m  SELECT COUNT(*) FROM "restaurants"
  Rendered restaurants/index.html.erb within layouts/application (3.8ms)
Completed 200 OK in 413ms (Views: 409.2ms | ActiveRecord: 2.0ms)


Started GET "/assets/restaurants.css?body=1" for 127.0.0.1 at 2014-11-03 13:28:32 +0000


Started GET "/assets/application.css?body=1" for 127.0.0.1 at 2014-11-03 13:28:32 +0000


Started GET "/assets/jquery.js?body=1" for 127.0.0.1 at 2014-11-03 13:28:32 +0000


Started GET "/assets/jquery_ujs.js?body=1" for 127.0.0.1 at 2014-11-03 13:28:33 +0000


Started GET "/assets/restaurants.js?body=1" for 127.0.0.1 at 2014-11-03 13:28:33 +0000


Started GET "/assets/application.js?body=1" for 127.0.0.1 at 2014-11-03 13:28:33 +0000


Started GET "/assets/turbolinks.js?body=1" for 127.0.0.1 at 2014-11-03 13:28:33 +0000


Started GET "/restaurants/new" for 127.0.0.1 at 2014-11-03 13:28:34 +0000
Processing by RestaurantsController#new as HTML
  Rendered restaurants/new.html.erb within layouts/application (11.4ms)
Completed 200 OK in 39ms (Views: 38.2ms | ActiveRecord: 0.0ms)


Started POST "/restaurants" for 127.0.0.1 at 2014-11-03 13:28:36 +0000
Processing by RestaurantsController#create as HTML
  Parameters: {"utf8"=>"✓", "authenticity_token"=>"zQx0xl7G9Z9b3VARnriZ5K8t6Zirzxd9/bdU8MvYLDA=", "restaurant"=>{"name"=>"KFC"}, "commit"=>"Create Restaurant"}
Redirected to http://localhost:3000/restaurants
Completed 302 Found in 1ms (ActiveRecord: 0.0ms)


Started GET "/restaurants" for 127.0.0.1 at 2014-11-03 13:28:36 +0000
Processing by RestaurantsController#index as HTML
  [1m[36m (0.2ms)[0m  [1mSELECT COUNT(*) FROM "restaurants"[0m
  Rendered restaurants/index.html.erb within layouts/application (0.8ms)
Completed 200 OK in 26ms (Views: 25.1ms | ActiveRecord: 0.2ms)


Started GET "/restaurants/new" for 127.0.0.1 at 2014-11-03 13:29:11 +0000
Processing by RestaurantsController#new as HTML
  Rendered restaurants/new.html.erb within layouts/application (1.1ms)
Completed 200 OK in 29ms (Views: 27.2ms | ActiveRecord: 0.0ms)


Started POST "/restaurants" for 127.0.0.1 at 2014-11-03 13:29:22 +0000
Processing by RestaurantsController#create as HTML
  Parameters: {"utf8"=>"✓", "authenticity_token"=>"zQx0xl7G9Z9b3VARnriZ5K8t6Zirzxd9/bdU8MvYLDA=", "restaurant"=>{"name"=>"KFC"}, "commit"=>"Create Restaurant"}
Redirected to http://localhost:3000/restaurants
Completed 302 Found in 1ms (ActiveRecord: 0.0ms)


Started GET "/restaurants" for 127.0.0.1 at 2014-11-03 13:29:22 +0000
Processing by RestaurantsController#index as HTML
  [1m[35m (0.8ms)[0m  SELECT COUNT(*) FROM "restaurants"
  Rendered restaurants/index.html.erb within layouts/application (2.0ms)
Completed 200 OK in 29ms (Views: 27.6ms | ActiveRecord: 0.8ms)


Started GET "/restaurants/new" for 127.0.0.1 at 2014-11-03 13:32:31 +0000
Processing by RestaurantsController#new as HTML
  Rendered restaurants/new.html.erb within layouts/application (1.0ms)
Completed 200 OK in 31ms (Views: 30.1ms | ActiveRecord: 0.0ms)


Started POST "/restaurants" for 127.0.0.1 at 2014-11-03 13:32:59 +0000
Processing by RestaurantsController#create as HTML
  Parameters: {"utf8"=>"✓", "authenticity_token"=>"zQx0xl7G9Z9b3VARnriZ5K8t6Zirzxd9/bdU8MvYLDA=", "restaurant"=>{"name"=>"KFC"}, "commit"=>"Create Restaurant"}
Redirected to http://localhost:3000/restaurants
Completed 302 Found in 1ms (ActiveRecord: 0.0ms)


Started GET "/restaurants" for 127.0.0.1 at 2014-11-03 13:32:59 +0000
Processing by RestaurantsController#index as HTML
  [1m[36m (0.5ms)[0m  [1mSELECT COUNT(*) FROM "restaurants"[0m
  Rendered restaurants/index.html.erb within layouts/application (1.2ms)
Completed 200 OK in 32ms (Views: 30.6ms | ActiveRecord: 0.5ms)


Started GET "/restaurants/new" for 127.0.0.1 at 2014-11-03 13:34:24 +0000
Processing by RestaurantsController#new as HTML
  Rendered restaurants/new.html.erb within layouts/application (1.0ms)
Completed 200 OK in 28ms (Views: 27.5ms | ActiveRecord: 0.0ms)


Started GET "/assets/restaurants.css?body=1" for 127.0.0.1 at 2014-11-03 13:34:46 +0000


Started GET "/assets/application.css?body=1" for 127.0.0.1 at 2014-11-03 13:34:46 +0000


Started POST "/restaurants" for 127.0.0.1 at 2014-11-03 13:35:08 +0000
Processing by RestaurantsController#create as HTML
  Parameters: {"utf8"=>"✓", "authenticity_token"=>"zQx0xl7G9Z9b3VARnriZ5K8t6Zirzxd9/bdU8MvYLDA=", "restaurant"=>{"name"=>"KFC"}, "commit"=>"Create Restaurant"}
Redirected to http://localhost:3000/restaurants
Completed 302 Found in 1ms (ActiveRecord: 0.0ms)


Started GET "/restaurants" for 127.0.0.1 at 2014-11-03 13:35:08 +0000
Processing by RestaurantsController#index as HTML
  [1m[35m (0.2ms)[0m  SELECT COUNT(*) FROM "restaurants"
  Rendered restaurants/index.html.erb within layouts/application (0.7ms)
Completed 200 OK in 32ms (Views: 30.8ms | ActiveRecord: 0.2ms)


Started GET "/assets/restaurants.css?body=1" for 127.0.0.1 at 2014-11-03 13:35:08 +0000


Started GET "/assets/restaurants.js?body=1" for 127.0.0.1 at 2014-11-03 13:35:08 +0000


Started GET "/assets/application.css?body=1" for 127.0.0.1 at 2014-11-03 13:35:08 +0000


Started GET "/assets/application.js?body=1" for 127.0.0.1 at 2014-11-03 13:35:08 +0000


Started GET "/restaurants/new" for 127.0.0.1 at 2014-11-03 13:39:45 +0000
Processing by RestaurantsController#new as HTML
  Rendered restaurants/new.html.erb within layouts/application (6.1ms)
Completed 200 OK in 75ms (Views: 72.1ms | ActiveRecord: 1.4ms)


Started POST "/restaurants" for 127.0.0.1 at 2014-11-03 13:39:47 +0000
Processing by RestaurantsController#create as HTML
  Parameters: {"utf8"=>"✓", "authenticity_token"=>"zQx0xl7G9Z9b3VARnriZ5K8t6Zirzxd9/bdU8MvYLDA=", "restaurant"=>{"name"=>"kfc"}, "commit"=>"Create Restaurant"}
Redirected to http://localhost:3000/restaurants
Completed 302 Found in 1ms (ActiveRecord: 0.0ms)


Started GET "/restaurants" for 127.0.0.1 at 2014-11-03 13:39:47 +0000
Processing by RestaurantsController#index as HTML
  [1m[36m (0.2ms)[0m  [1mSELECT COUNT(*) FROM "restaurants"[0m
  Rendered restaurants/index.html.erb within layouts/application (0.9ms)
Completed 200 OK in 29ms (Views: 28.4ms | ActiveRecord: 0.2ms)


Started GET "/assets/restaurants.css?body=1" for 127.0.0.1 at 2014-11-03 13:39:47 +0000


Started GET "/assets/restaurants.js?body=1" for 127.0.0.1 at 2014-11-03 13:39:47 +0000


Started GET "/assets/application.css?body=1" for 127.0.0.1 at 2014-11-03 13:39:47 +0000


Started GET "/assets/application.js?body=1" for 127.0.0.1 at 2014-11-03 13:39:47 +0000


Started GET "/restaurants/new" for 127.0.0.1 at 2014-11-03 13:40:13 +0000
Processing by RestaurantsController#new as HTML
  Rendered restaurants/new.html.erb within layouts/application (3.1ms)
Completed 200 OK in 41ms (Views: 34.6ms | ActiveRecord: 2.2ms)


Started POST "/restaurants" for 127.0.0.1 at 2014-11-03 13:40:15 +0000
Processing by RestaurantsController#create as HTML
  Parameters: {"utf8"=>"✓", "authenticity_token"=>"zQx0xl7G9Z9b3VARnriZ5K8t6Zirzxd9/bdU8MvYLDA=", "restaurant"=>{"name"=>"kfc"}, "commit"=>"Create Restaurant"}
Redirected to http://localhost:3000/restaurants
Completed 302 Found in 2ms (ActiveRecord: 0.0ms)


Started GET "/restaurants" for 127.0.0.1 at 2014-11-03 13:40:15 +0000
Processing by RestaurantsController#index as HTML
  [1m[35m (0.2ms)[0m  SELECT COUNT(*) FROM "restaurants"
  Rendered restaurants/index.html.erb within layouts/application (0.9ms)
Completed 200 OK in 28ms (Views: 26.9ms | ActiveRecord: 0.2ms)


Started GET "/assets/restaurants.css?body=1" for 127.0.0.1 at 2014-11-03 13:40:15 +0000


Started GET "/assets/application.css?body=1" for 127.0.0.1 at 2014-11-03 13:40:15 +0000


Started GET "/assets/restaurants.js?body=1" for 127.0.0.1 at 2014-11-03 13:40:15 +0000


Started GET "/assets/application.js?body=1" for 127.0.0.1 at 2014-11-03 13:40:15 +0000


Started GET "/restaurants/new" for 127.0.0.1 at 2014-11-03 13:42:43 +0000
Processing by RestaurantsController#new as HTML
  Rendered restaurants/new.html.erb within layouts/application (3.0ms)
Completed 200 OK in 42ms (Views: 35.7ms | ActiveRecord: 2.2ms)


Started POST "/restaurants" for 127.0.0.1 at 2014-11-03 13:42:45 +0000
Processing by RestaurantsController#create as HTML
  Parameters: {"utf8"=>"✓", "authenticity_token"=>"zQx0xl7G9Z9b3VARnriZ5K8t6Zirzxd9/bdU8MvYLDA=", "restaurant"=>{"name"=>"KFC"}, "commit"=>"Create Restaurant"}
  [1m[36m (0.1ms)[0m  [1mBEGIN[0m
  [1m[35mSQL (6.1ms)[0m  INSERT INTO "restaurants" ("created_at", "name", "updated_at") VALUES ($1, $2, $3) RETURNING "id"  [["created_at", "2014-11-03 13:42:45.106862"], ["name", "KFC"], ["updated_at", "2014-11-03 13:42:45.106862"]]
  [1m[36m (6.4ms)[0m  [1mCOMMIT[0m
Redirected to http://localhost:3000/restaurants
Completed 302 Found in 18ms (ActiveRecord: 12.7ms)


Started GET "/restaurants" for 127.0.0.1 at 2014-11-03 13:42:45 +0000
Processing by RestaurantsController#index as HTML
  [1m[35m (0.3ms)[0m  SELECT COUNT(*) FROM "restaurants"
  [1m[36mRestaurant Load (0.2ms)[0m  [1mSELECT "restaurants".* FROM "restaurants"[0m
  Rendered restaurants/index.html.erb within layouts/application (1.4ms)
Completed 200 OK in 31ms (Views: 29.9ms | ActiveRecord: 0.4ms)


Started GET "/assets/restaurants.css?body=1" for 127.0.0.1 at 2014-11-03 13:42:45 +0000


Started GET "/assets/jquery_ujs.js?body=1" for 127.0.0.1 at 2014-11-03 13:42:45 +0000


Started GET "/assets/application.css?body=1" for 127.0.0.1 at 2014-11-03 13:42:45 +0000


Started GET "/assets/restaurants.js?body=1" for 127.0.0.1 at 2014-11-03 13:42:45 +0000


Started GET "/assets/jquery.js?body=1" for 127.0.0.1 at 2014-11-03 13:42:45 +0000


Started GET "/assets/turbolinks.js?body=1" for 127.0.0.1 at 2014-11-03 13:42:45 +0000


Started GET "/assets/application.js?body=1" for 127.0.0.1 at 2014-11-03 13:42:45 +0000


Started GET "/restaurants" for 127.0.0.1 at 2014-11-03 13:43:46 +0000
  [1m[36mActiveRecord::SchemaMigration Load (0.4ms)[0m  [1mSELECT "schema_migrations".* FROM "schema_migrations"[0m
Processing by RestaurantsController#index as HTML
  [1m[35m (0.2ms)[0m  SELECT COUNT(*) FROM "restaurants"
  [1m[36mRestaurant Load (0.2ms)[0m  [1mSELECT "restaurants".* FROM "restaurants"[0m
  Rendered restaurants/index.html.erb within layouts/application (6.6ms)
Completed 200 OK in 80ms (Views: 69.8ms | ActiveRecord: 2.1ms)


Started GET "/assets/restaurants.css?body=1" for 127.0.0.1 at 2014-11-03 13:43:46 +0000


Started GET "/assets/jquery_ujs.js?body=1" for 127.0.0.1 at 2014-11-03 13:43:46 +0000


Started GET "/assets/jquery.js?body=1" for 127.0.0.1 at 2014-11-03 13:43:46 +0000


Started GET "/assets/application.css?body=1" for 127.0.0.1 at 2014-11-03 13:43:46 +0000


Started GET "/assets/restaurants.js?body=1" for 127.0.0.1 at 2014-11-03 13:43:46 +0000


Started GET "/assets/turbolinks.js?body=1" for 127.0.0.1 at 2014-11-03 13:43:46 +0000


Started GET "/assets/application.js?body=1" for 127.0.0.1 at 2014-11-03 13:43:46 +0000


Started GET "/restaurants/new" for 127.0.0.1 at 2014-11-03 13:43:48 +0000
Processing by RestaurantsController#new as HTML
  Rendered restaurants/new.html.erb within layouts/application (10.4ms)
Completed 200 OK in 46ms (Views: 45.0ms | ActiveRecord: 0.0ms)


Started POST "/restaurants" for 127.0.0.1 at 2014-11-03 13:43:50 +0000
Processing by RestaurantsController#create as HTML
  Parameters: {"utf8"=>"✓", "authenticity_token"=>"zQx0xl7G9Z9b3VARnriZ5K8t6Zirzxd9/bdU8MvYLDA=", "restaurant"=>{"name"=>"BURGER KING"}, "commit"=>"Create Restaurant"}
  [1m[35m (0.1ms)[0m  BEGIN
  [1m[36mSQL (0.3ms)[0m  [1mINSERT INTO "restaurants" ("created_at", "name", "updated_at") VALUES ($1, $2, $3) RETURNING "id"[0m  [["created_at", "2014-11-03 13:43:50.414680"], ["name", "BURGER KING"], ["updated_at", "2014-11-03 13:43:50.414680"]]
  [1m[35m (6.9ms)[0m  COMMIT
Redirected to http://localhost:3000/restaurants
Completed 302 Found in 12ms (ActiveRecord: 7.4ms)


Started GET "/restaurants" for 127.0.0.1 at 2014-11-03 13:43:50 +0000
Processing by RestaurantsController#index as HTML
  [1m[36m (0.3ms)[0m  [1mSELECT COUNT(*) FROM "restaurants"[0m
  [1m[35mRestaurant Load (0.2ms)[0m  SELECT "restaurants".* FROM "restaurants"
  Rendered restaurants/index.html.erb within layouts/application (1.2ms)
Completed 200 OK in 28ms (Views: 27.4ms | ActiveRecord: 0.4ms)


Started GET "/assets/restaurants.css?body=1" for 127.0.0.1 at 2014-11-03 13:43:50 +0000


Started GET "/assets/application.css?body=1" for 127.0.0.1 at 2014-11-03 13:43:50 +0000


Started GET "/assets/jquery.js?body=1" for 127.0.0.1 at 2014-11-03 13:43:50 +0000


Started GET "/assets/restaurants.js?body=1" for 127.0.0.1 at 2014-11-03 13:43:50 +0000


Started GET "/assets/jquery_ujs.js?body=1" for 127.0.0.1 at 2014-11-03 13:43:50 +0000


Started GET "/assets/turbolinks.js?body=1" for 127.0.0.1 at 2014-11-03 13:43:50 +0000


Started GET "/assets/application.js?body=1" for 127.0.0.1 at 2014-11-03 13:43:50 +0000


Started GET "/" for 127.0.0.1 at 2014-11-03 14:21:11 +0000
  [1m[36mActiveRecord::SchemaMigration Load (0.3ms)[0m  [1mSELECT "schema_migrations".* FROM "schema_migrations"[0m
Processing by Rails::WelcomeController#index as HTML
  Rendered /Users/fadie/.rvm/gems/ruby-2.1.2/gems/railties-4.1.7/lib/rails/templates/rails/welcome/index.html.erb (1.1ms)
Completed 200 OK in 12ms (Views: 4.8ms | ActiveRecord: 0.0ms)


Started GET "/restaurants" for 127.0.0.1 at 2014-11-03 14:21:15 +0000
Processing by RestaurantsController#index as HTML
  [1m[35m (0.5ms)[0m  SELECT COUNT(*) FROM "restaurants"
  [1m[36mRestaurant Load (0.2ms)[0m  [1mSELECT "restaurants".* FROM "restaurants"[0m
  Rendered restaurants/index.html.erb within layouts/application (9.6ms)
Completed 200 OK in 77ms (Views: 72.1ms | ActiveRecord: 3.6ms)


Started GET "/assets/restaurants.css?body=1" for 127.0.0.1 at 2014-11-03 14:21:15 +0000


Started GET "/assets/application.css?body=1" for 127.0.0.1 at 2014-11-03 14:21:15 +0000


Started GET "/assets/jquery_ujs.js?body=1" for 127.0.0.1 at 2014-11-03 14:21:15 +0000


Started GET "/assets/turbolinks.js?body=1" for 127.0.0.1 at 2014-11-03 14:21:15 +0000


Started GET "/assets/jquery.js?body=1" for 127.0.0.1 at 2014-11-03 14:21:15 +0000


Started GET "/assets/restaurants.js?body=1" for 127.0.0.1 at 2014-11-03 14:21:15 +0000


Started GET "/assets/application.js?body=1" for 127.0.0.1 at 2014-11-03 14:21:15 +0000


Started GET "/restaurants/2" for 127.0.0.1 at 2014-11-03 14:21:18 +0000
Processing by RestaurantsController#show as HTML
  Parameters: {"id"=>"2"}
  [1m[35mRestaurant Load (1.2ms)[0m  SELECT  "restaurants".* FROM "restaurants"  WHERE "restaurants"."id" = $1 LIMIT 1  [["id", 2]]
  Rendered restaurants/show.html.erb within layouts/application (4.2ms)
Completed 500 Internal Server Error in 14ms

ActionView::Template::Error (undefined method `rating' for #<Restaurant:0x007fd78c59e780>):
    1: <p> <%= @restaurant.description %></p>
    2: <p> <%= @restaurant.rating %></p>
  app/views/restaurants/show.html.erb:2:in `_app_views_restaurants_show_html_erb___3100361053843199463_70281874716420'


  Rendered /Users/fadie/.rvm/gems/ruby-2.1.2/gems/actionpack-4.1.7/lib/action_dispatch/middleware/templates/rescues/_trace.html.erb (0.9ms)
  Rendered /Users/fadie/.rvm/gems/ruby-2.1.2/gems/actionpack-4.1.7/lib/action_dispatch/middleware/templates/rescues/_request_and_response.html.erb (1.0ms)
  Rendered /Users/fadie/.rvm/gems/ruby-2.1.2/gems/actionpack-4.1.7/lib/action_dispatch/middleware/templates/rescues/template_error.html.erb within rescues/layout (8.5ms)


Started GET "/restaurants/2" for 127.0.0.1 at 2014-11-03 14:21:18 +0000
Processing by RestaurantsController#show as HTML
  Parameters: {"id"=>"2"}
  [1m[36mRestaurant Load (1.0ms)[0m  [1mSELECT  "restaurants".* FROM "restaurants"  WHERE "restaurants"."id" = $1 LIMIT 1[0m  [["id", 2]]
  Rendered restaurants/show.html.erb within layouts/application (1.0ms)
Completed 500 Internal Server Error in 5ms

ActionView::Template::Error (undefined method `rating' for #<Restaurant:0x007fd78c7c49d8>):
    1: <p> <%= @restaurant.description %></p>
    2: <p> <%= @restaurant.rating %></p>
  app/views/restaurants/show.html.erb:2:in `_app_views_restaurants_show_html_erb___3100361053843199463_70281875845820'


  Rendered /Users/fadie/.rvm/gems/ruby-2.1.2/gems/actionpack-4.1.7/lib/action_dispatch/middleware/templates/rescues/_trace.html.erb (0.9ms)
  Rendered /Users/fadie/.rvm/gems/ruby-2.1.2/gems/actionpack-4.1.7/lib/action_dispatch/middleware/templates/rescues/_request_and_response.html.erb (0.7ms)
  Rendered /Users/fadie/.rvm/gems/ruby-2.1.2/gems/actionpack-4.1.7/lib/action_dispatch/middleware/templates/rescues/template_error.html.erb within rescues/layout (8.1ms)


Started GET "/restaurants/new" for 127.0.0.1 at 2014-11-03 14:21:20 +0000
Processing by RestaurantsController#new as HTML
  Rendered restaurants/new.html.erb within layouts/application (11.8ms)
Completed 200 OK in 42ms (Views: 41.0ms | ActiveRecord: 0.0ms)


Started POST "/restaurants" for 127.0.0.1 at 2014-11-03 14:21:22 +0000
Processing by RestaurantsController#create as HTML
  Parameters: {"utf8"=>"✓", "authenticity_token"=>"zQx0xl7G9Z9b3VARnriZ5K8t6Zirzxd9/bdU8MvYLDA=", "restaurant"=>{"name"=>"KFC"}, "commit"=>"Create Restaurant"}
  [1m[35m (0.1ms)[0m  BEGIN
  [1m[36mSQL (0.3ms)[0m  [1mINSERT INTO "restaurants" ("created_at", "name", "updated_at") VALUES ($1, $2, $3) RETURNING "id"[0m  [["created_at", "2014-11-03 14:21:22.427745"], ["name", "KFC"], ["updated_at", "2014-11-03 14:21:22.427745"]]
  [1m[35m (5.8ms)[0m  COMMIT
Redirected to http://localhost:3000/restaurants
Completed 302 Found in 10ms (ActiveRecord: 6.2ms)


Started GET "/restaurants" for 127.0.0.1 at 2014-11-03 14:21:22 +0000
Processing by RestaurantsController#index as HTML
  [1m[36m (0.2ms)[0m  [1mSELECT COUNT(*) FROM "restaurants"[0m
  [1m[35mRestaurant Load (0.2ms)[0m  SELECT "restaurants".* FROM "restaurants"
  Rendered restaurants/index.html.erb within layouts/application (1.4ms)
Completed 200 OK in 26ms (Views: 25.2ms | ActiveRecord: 0.4ms)


Started GET "/assets/restaurants.css?body=1" for 127.0.0.1 at 2014-11-03 14:21:22 +0000


Started GET "/assets/application.css?body=1" for 127.0.0.1 at 2014-11-03 14:21:22 +0000


Started GET "/assets/jquery.js?body=1" for 127.0.0.1 at 2014-11-03 14:21:22 +0000


Started GET "/assets/jquery_ujs.js?body=1" for 127.0.0.1 at 2014-11-03 14:21:22 +0000


Started GET "/assets/turbolinks.js?body=1" for 127.0.0.1 at 2014-11-03 14:21:22 +0000


Started GET "/assets/restaurants.js?body=1" for 127.0.0.1 at 2014-11-03 14:21:22 +0000


Started GET "/assets/application.js?body=1" for 127.0.0.1 at 2014-11-03 14:21:22 +0000


Started GET "/restaurants" for 127.0.0.1 at 2014-11-03 14:22:09 +0000
Processing by RestaurantsController#index as HTML
  [1m[36m (0.3ms)[0m  [1mSELECT COUNT(*) FROM "restaurants"[0m
  [1m[35mRestaurant Load (0.2ms)[0m  SELECT "restaurants".* FROM "restaurants"
  Rendered restaurants/index.html.erb within layouts/application (2.2ms)
Completed 200 OK in 25ms (Views: 24.1ms | ActiveRecord: 0.5ms)


Started GET "/assets/application.css?body=1" for 127.0.0.1 at 2014-11-03 14:22:09 +0000


Started GET "/assets/restaurants.css?body=1" for 127.0.0.1 at 2014-11-03 14:22:09 +0000


Started GET "/assets/jquery.js?body=1" for 127.0.0.1 at 2014-11-03 14:22:09 +0000


Started GET "/assets/turbolinks.js?body=1" for 127.0.0.1 at 2014-11-03 14:22:09 +0000


Started GET "/assets/restaurants.js?body=1" for 127.0.0.1 at 2014-11-03 14:22:09 +0000


Started GET "/assets/application.js?body=1" for 127.0.0.1 at 2014-11-03 14:22:09 +0000


Started GET "/assets/jquery_ujs.js?body=1" for 127.0.0.1 at 2014-11-03 14:22:09 +0000


Started GET "/restaurants/new" for 127.0.0.1 at 2014-11-03 14:22:10 +0000
Processing by RestaurantsController#new as HTML
  Rendered restaurants/new.html.erb within layouts/application (1.1ms)
Completed 200 OK in 31ms (Views: 30.3ms | ActiveRecord: 0.0ms)


Started POST "/restaurants" for 127.0.0.1 at 2014-11-03 14:22:11 +0000
Processing by RestaurantsController#create as HTML
  Parameters: {"utf8"=>"✓", "authenticity_token"=>"zQx0xl7G9Z9b3VARnriZ5K8t6Zirzxd9/bdU8MvYLDA=", "restaurant"=>{"name"=>"KFC"}, "commit"=>"Create Restaurant"}
  [1m[36m (0.1ms)[0m  [1mBEGIN[0m
  [1m[35mSQL (0.2ms)[0m  INSERT INTO "restaurants" ("created_at", "name", "updated_at") VALUES ($1, $2, $3) RETURNING "id"  [["created_at", "2014-11-03 14:22:11.978244"], ["name", "KFC"], ["updated_at", "2014-11-03 14:22:11.978244"]]
  [1m[36m (6.2ms)[0m  [1mCOMMIT[0m
Redirected to http://localhost:3000/restaurants
Completed 302 Found in 9ms (ActiveRecord: 6.6ms)


Started GET "/restaurants" for 127.0.0.1 at 2014-11-03 14:22:11 +0000
Processing by RestaurantsController#index as HTML
  [1m[35m (0.3ms)[0m  SELECT COUNT(*) FROM "restaurants"
  [1m[36mRestaurant Load (0.2ms)[0m  [1mSELECT "restaurants".* FROM "restaurants"[0m
  Rendered restaurants/index.html.erb within layouts/application (1.7ms)
Completed 200 OK in 25ms (Views: 23.9ms | ActiveRecord: 0.5ms)


Started GET "/assets/restaurants.css?body=1" for 127.0.0.1 at 2014-11-03 14:22:12 +0000


Started GET "/assets/jquery.js?body=1" for 127.0.0.1 at 2014-11-03 14:22:12 +0000


Started GET "/assets/restaurants.js?body=1" for 127.0.0.1 at 2014-11-03 14:22:12 +0000


Started GET "/assets/application.css?body=1" for 127.0.0.1 at 2014-11-03 14:22:12 +0000


Started GET "/assets/turbolinks.js?body=1" for 127.0.0.1 at 2014-11-03 14:22:12 +0000


Started GET "/assets/jquery_ujs.js?body=1" for 127.0.0.1 at 2014-11-03 14:22:12 +0000


Started GET "/assets/application.js?body=1" for 127.0.0.1 at 2014-11-03 14:22:12 +0000


Started GET "/restaurants" for 127.0.0.1 at 2014-11-03 14:22:50 +0000
Processing by RestaurantsController#index as HTML
  [1m[35m (0.4ms)[0m  SELECT COUNT(*) FROM "restaurants"
  [1m[36mRestaurant Load (0.3ms)[0m  [1mSELECT "restaurants".* FROM "restaurants"[0m
  Rendered restaurants/index.html.erb within layouts/application (2.2ms)
Completed 200 OK in 54ms (Views: 52.9ms | ActiveRecord: 0.7ms)


Started GET "/assets/restaurants.css?body=1" for 127.0.0.1 at 2014-11-03 14:22:50 +0000


Started GET "/assets/application.css?body=1" for 127.0.0.1 at 2014-11-03 14:22:50 +0000


Started GET "/assets/jquery_ujs.js?body=1" for 127.0.0.1 at 2014-11-03 14:22:50 +0000


Started GET "/assets/application.js?body=1" for 127.0.0.1 at 2014-11-03 14:22:50 +0000


Started GET "/assets/jquery.js?body=1" for 127.0.0.1 at 2014-11-03 14:22:50 +0000


Started GET "/assets/turbolinks.js?body=1" for 127.0.0.1 at 2014-11-03 14:22:50 +0000


Started GET "/assets/restaurants.js?body=1" for 127.0.0.1 at 2014-11-03 14:22:50 +0000


Started GET "/restaurants" for 127.0.0.1 at 2014-11-03 14:22:58 +0000
Processing by RestaurantsController#index as HTML
  [1m[35m (0.2ms)[0m  SELECT COUNT(*) FROM "restaurants"
  [1m[36mRestaurant Load (0.2ms)[0m  [1mSELECT "restaurants".* FROM "restaurants"[0m
  Rendered restaurants/index.html.erb within layouts/application (1.5ms)
Completed 200 OK in 28ms (Views: 27.5ms | ActiveRecord: 0.4ms)


Started GET "/assets/restaurants.css?body=1" for 127.0.0.1 at 2014-11-03 14:22:58 +0000


Started GET "/assets/application.css?body=1" for 127.0.0.1 at 2014-11-03 14:22:58 +0000


Started GET "/assets/jquery.js?body=1" for 127.0.0.1 at 2014-11-03 14:22:58 +0000


Started GET "/assets/turbolinks.js?body=1" for 127.0.0.1 at 2014-11-03 14:22:58 +0000


Started GET "/assets/jquery_ujs.js?body=1" for 127.0.0.1 at 2014-11-03 14:22:58 +0000


Started GET "/assets/restaurants.js?body=1" for 127.0.0.1 at 2014-11-03 14:22:58 +0000


Started GET "/assets/application.js?body=1" for 127.0.0.1 at 2014-11-03 14:22:58 +0000


Started GET "/restaurants" for 127.0.0.1 at 2014-11-03 14:22:58 +0000
Processing by RestaurantsController#index as HTML
  [1m[35m (0.2ms)[0m  SELECT COUNT(*) FROM "restaurants"
  [1m[36mRestaurant Load (0.2ms)[0m  [1mSELECT "restaurants".* FROM "restaurants"[0m
  Rendered restaurants/index.html.erb within layouts/application (1.5ms)
Completed 200 OK in 28ms (Views: 27.0ms | ActiveRecord: 0.4ms)


Started GET "/assets/application.css?body=1" for 127.0.0.1 at 2014-11-03 14:22:59 +0000


Started GET "/assets/restaurants.css?body=1" for 127.0.0.1 at 2014-11-03 14:22:59 +0000


Started GET "/assets/restaurants.js?body=1" for 127.0.0.1 at 2014-11-03 14:22:59 +0000


Started GET "/assets/jquery.js?body=1" for 127.0.0.1 at 2014-11-03 14:22:59 +0000


Started GET "/assets/jquery_ujs.js?body=1" for 127.0.0.1 at 2014-11-03 14:22:59 +0000


Started GET "/assets/application.js?body=1" for 127.0.0.1 at 2014-11-03 14:22:59 +0000


Started GET "/assets/turbolinks.js?body=1" for 127.0.0.1 at 2014-11-03 14:22:59 +0000


Started GET "/restaurants" for 127.0.0.1 at 2014-11-03 14:24:45 +0000
Processing by RestaurantsController#index as HTML
  [1m[35m (0.2ms)[0m  SELECT COUNT(*) FROM "restaurants"
  [1m[36mRestaurant Load (0.2ms)[0m  [1mSELECT "restaurants".* FROM "restaurants"[0m
  Rendered restaurants/index.html.erb within layouts/application (2.1ms)
Completed 500 Internal Server Error in 4ms

ActionView::Template::Error (undefined method `name' for nil:NilClass):
    1: <% if @restaurants.any? %>
    2: <% @restaurants.each do |restaurant| %>
    3: <h2> <%= link_to "#{@restaurant.name}", restaurant_path(restaurant) %> </h2>
    4: <% end %>
    5: <% else %>
    6: No restaurants yet
  app/views/restaurants/index.html.erb:3:in `block in _app_views_restaurants_index_html_erb___3931424070950236825_70281860523480'
  app/views/restaurants/index.html.erb:2:in `_app_views_restaurants_index_html_erb___3931424070950236825_70281860523480'


  Rendered /Users/fadie/.rvm/gems/ruby-2.1.2/gems/actionpack-4.1.7/lib/action_dispatch/middleware/templates/rescues/_trace.html.erb (1.0ms)
  Rendered /Users/fadie/.rvm/gems/ruby-2.1.2/gems/actionpack-4.1.7/lib/action_dispatch/middleware/templates/rescues/_request_and_response.html.erb (0.7ms)
  Rendered /Users/fadie/.rvm/gems/ruby-2.1.2/gems/actionpack-4.1.7/lib/action_dispatch/middleware/templates/rescues/template_error.html.erb within rescues/layout (8.2ms)


Started GET "/restaurants" for 127.0.0.1 at 2014-11-03 14:24:50 +0000
Processing by RestaurantsController#index as HTML
  [1m[35m (0.2ms)[0m  SELECT COUNT(*) FROM "restaurants"
  [1m[36mRestaurant Load (0.2ms)[0m  [1mSELECT "restaurants".* FROM "restaurants"[0m
  Rendered restaurants/index.html.erb within layouts/application (1.9ms)
Completed 200 OK in 30ms (Views: 29.4ms | ActiveRecord: 0.4ms)


Started GET "/assets/application.css?body=1" for 127.0.0.1 at 2014-11-03 14:24:50 +0000


Started GET "/assets/restaurants.css?body=1" for 127.0.0.1 at 2014-11-03 14:24:50 +0000


Started GET "/assets/jquery.js?body=1" for 127.0.0.1 at 2014-11-03 14:24:50 +0000


Started GET "/assets/jquery_ujs.js?body=1" for 127.0.0.1 at 2014-11-03 14:24:50 +0000


Started GET "/assets/restaurants.js?body=1" for 127.0.0.1 at 2014-11-03 14:24:50 +0000


Started GET "/assets/turbolinks.js?body=1" for 127.0.0.1 at 2014-11-03 14:24:50 +0000


Started GET "/assets/application.js?body=1" for 127.0.0.1 at 2014-11-03 14:24:50 +0000


Started GET "/restaurants" for 127.0.0.1 at 2014-11-03 14:30:13 +0000
  [1m[36mActiveRecord::SchemaMigration Load (0.3ms)[0m  [1mSELECT "schema_migrations".* FROM "schema_migrations"[0m
Processing by RestaurantsController#index as HTML
  [1m[35m (0.2ms)[0m  SELECT COUNT(*) FROM "restaurants"
  [1m[36mRestaurant Load (0.2ms)[0m  [1mSELECT "restaurants".* FROM "restaurants"[0m
  Rendered restaurants/index.html.erb within layouts/application (7.3ms)
Completed 200 OK in 67ms (Views: 56.8ms | ActiveRecord: 2.0ms)


Started GET "/assets/restaurants.css?body=1" for 127.0.0.1 at 2014-11-03 14:30:13 +0000


Started GET "/assets/jquery.js?body=1" for 127.0.0.1 at 2014-11-03 14:30:13 +0000


Started GET "/assets/turbolinks.js?body=1" for 127.0.0.1 at 2014-11-03 14:30:13 +0000


Started GET "/assets/application.css?body=1" for 127.0.0.1 at 2014-11-03 14:30:13 +0000


Started GET "/assets/restaurants.js?body=1" for 127.0.0.1 at 2014-11-03 14:30:13 +0000


Started GET "/assets/jquery_ujs.js?body=1" for 127.0.0.1 at 2014-11-03 14:30:13 +0000


Started GET "/assets/application.js?body=1" for 127.0.0.1 at 2014-11-03 14:30:13 +0000


Started GET "/restaurants" for 127.0.0.1 at 2014-11-03 14:30:24 +0000
Processing by RestaurantsController#index as HTML
  [1m[35m (0.3ms)[0m  SELECT COUNT(*) FROM "restaurants"
  [1m[36mRestaurant Load (0.2ms)[0m  [1mSELECT "restaurants".* FROM "restaurants"[0m
  Rendered restaurants/index.html.erb within layouts/application (2.9ms)
Completed 200 OK in 27ms (Views: 26.2ms | ActiveRecord: 0.4ms)


Started GET "/assets/restaurants.css?body=1" for 127.0.0.1 at 2014-11-03 14:30:24 +0000


Started GET "/assets/restaurants.js?body=1" for 127.0.0.1 at 2014-11-03 14:30:24 +0000


Started GET "/assets/application.css?body=1" for 127.0.0.1 at 2014-11-03 14:30:24 +0000


Started GET "/assets/jquery.js?body=1" for 127.0.0.1 at 2014-11-03 14:30:24 +0000


Started GET "/assets/turbolinks.js?body=1" for 127.0.0.1 at 2014-11-03 14:30:24 +0000


Started GET "/assets/jquery_ujs.js?body=1" for 127.0.0.1 at 2014-11-03 14:30:24 +0000


Started GET "/assets/application.js?body=1" for 127.0.0.1 at 2014-11-03 14:30:24 +0000


Started GET "/restaurants/1/edit" for 127.0.0.1 at 2014-11-03 14:30:29 +0000

AbstractController::ActionNotFound (The action 'edit' could not be found for RestaurantsController):
  actionpack (4.1.7) lib/abstract_controller/base.rb:131:in `process'
  actionview (4.1.7) lib/action_view/rendering.rb:30:in `process'
  actionpack (4.1.7) lib/action_controller/metal.rb:196:in `dispatch'
  actionpack (4.1.7) lib/action_controller/metal/rack_delegation.rb:13:in `dispatch'
  actionpack (4.1.7) lib/action_controller/metal.rb:232:in `block in action'
  actionpack (4.1.7) lib/action_dispatch/routing/route_set.rb:82:in `call'
  actionpack (4.1.7) lib/action_dispatch/routing/route_set.rb:82:in `dispatch'
  actionpack (4.1.7) lib/action_dispatch/routing/route_set.rb:50:in `call'
  actionpack (4.1.7) lib/action_dispatch/journey/router.rb:73:in `block in call'
  actionpack (4.1.7) lib/action_dispatch/journey/router.rb:59:in `each'
  actionpack (4.1.7) lib/action_dispatch/journey/router.rb:59:in `call'
  actionpack (4.1.7) lib/action_dispatch/routing/route_set.rb:678:in `call'
  rack (1.5.2) lib/rack/etag.rb:23:in `call'
  rack (1.5.2) lib/rack/conditionalget.rb:25:in `call'
  rack (1.5.2) lib/rack/head.rb:11:in `call'
  actionpack (4.1.7) lib/action_dispatch/middleware/params_parser.rb:27:in `call'
  actionpack (4.1.7) lib/action_dispatch/middleware/flash.rb:254:in `call'
  rack (1.5.2) lib/rack/session/abstract/id.rb:225:in `context'
  rack (1.5.2) lib/rack/session/abstract/id.rb:220:in `call'
  actionpack (4.1.7) lib/action_dispatch/middleware/cookies.rb:560:in `call'
  activerecord (4.1.7) lib/active_record/query_cache.rb:36:in `call'
  activerecord (4.1.7) lib/active_record/connection_adapters/abstract/connection_pool.rb:621:in `call'
  activerecord (4.1.7) lib/active_record/migration.rb:380:in `call'
  actionpack (4.1.7) lib/action_dispatch/middleware/callbacks.rb:29:in `block in call'
  activesupport (4.1.7) lib/active_support/callbacks.rb:82:in `run_callbacks'
  actionpack (4.1.7) lib/action_dispatch/middleware/callbacks.rb:27:in `call'
  actionpack (4.1.7) lib/action_dispatch/middleware/reloader.rb:73:in `call'
  actionpack (4.1.7) lib/action_dispatch/middleware/remote_ip.rb:76:in `call'
  actionpack (4.1.7) lib/action_dispatch/middleware/debug_exceptions.rb:17:in `call'
  actionpack (4.1.7) lib/action_dispatch/middleware/show_exceptions.rb:30:in `call'
  railties (4.1.7) lib/rails/rack/logger.rb:38:in `call_app'
  railties (4.1.7) lib/rails/rack/logger.rb:20:in `block in call'
  activesupport (4.1.7) lib/active_support/tagged_logging.rb:68:in `block in tagged'
  activesupport (4.1.7) lib/active_support/tagged_logging.rb:26:in `tagged'
  activesupport (4.1.7) lib/active_support/tagged_logging.rb:68:in `tagged'
  railties (4.1.7) lib/rails/rack/logger.rb:20:in `call'
  actionpack (4.1.7) lib/action_dispatch/middleware/request_id.rb:21:in `call'
  rack (1.5.2) lib/rack/methodoverride.rb:21:in `call'
  rack (1.5.2) lib/rack/runtime.rb:17:in `call'
  activesupport (4.1.7) lib/active_support/cache/strategy/local_cache_middleware.rb:26:in `call'
  rack (1.5.2) lib/rack/lock.rb:17:in `call'
  actionpack (4.1.7) lib/action_dispatch/middleware/static.rb:84:in `call'
  rack (1.5.2) lib/rack/sendfile.rb:112:in `call'
  railties (4.1.7) lib/rails/engine.rb:514:in `call'
  railties (4.1.7) lib/rails/application.rb:144:in `call'
  rack (1.5.2) lib/rack/lock.rb:17:in `call'
  rack (1.5.2) lib/rack/content_length.rb:14:in `call'
  rack (1.5.2) lib/rack/handler/webrick.rb:60:in `service'
  /Users/fadie/.rvm/rubies/ruby-2.1.2/lib/ruby/2.1.0/webrick/httpserver.rb:138:in `service'
  /Users/fadie/.rvm/rubies/ruby-2.1.2/lib/ruby/2.1.0/webrick/httpserver.rb:94:in `run'
  /Users/fadie/.rvm/rubies/ruby-2.1.2/lib/ruby/2.1.0/webrick/server.rb:295:in `block in start_thread'


  Rendered /Users/fadie/.rvm/gems/ruby-2.1.2/gems/actionpack-4.1.7/lib/action_dispatch/middleware/templates/rescues/unknown_action.html.erb within rescues/layout (1.0ms)


Started GET "/restaurants/1/edit" for 127.0.0.1 at 2014-11-03 14:30:29 +0000

AbstractController::ActionNotFound (The action 'edit' could not be found for RestaurantsController):
  actionpack (4.1.7) lib/abstract_controller/base.rb:131:in `process'
  actionview (4.1.7) lib/action_view/rendering.rb:30:in `process'
  actionpack (4.1.7) lib/action_controller/metal.rb:196:in `dispatch'
  actionpack (4.1.7) lib/action_controller/metal/rack_delegation.rb:13:in `dispatch'
  actionpack (4.1.7) lib/action_controller/metal.rb:232:in `block in action'
  actionpack (4.1.7) lib/action_dispatch/routing/route_set.rb:82:in `call'
  actionpack (4.1.7) lib/action_dispatch/routing/route_set.rb:82:in `dispatch'
  actionpack (4.1.7) lib/action_dispatch/routing/route_set.rb:50:in `call'
  actionpack (4.1.7) lib/action_dispatch/journey/router.rb:73:in `block in call'
  actionpack (4.1.7) lib/action_dispatch/journey/router.rb:59:in `each'
  actionpack (4.1.7) lib/action_dispatch/journey/router.rb:59:in `call'
  actionpack (4.1.7) lib/action_dispatch/routing/route_set.rb:678:in `call'
  rack (1.5.2) lib/rack/etag.rb:23:in `call'
  rack (1.5.2) lib/rack/conditionalget.rb:25:in `call'
  rack (1.5.2) lib/rack/head.rb:11:in `call'
  actionpack (4.1.7) lib/action_dispatch/middleware/params_parser.rb:27:in `call'
  actionpack (4.1.7) lib/action_dispatch/middleware/flash.rb:254:in `call'
  rack (1.5.2) lib/rack/session/abstract/id.rb:225:in `context'
  rack (1.5.2) lib/rack/session/abstract/id.rb:220:in `call'
  actionpack (4.1.7) lib/action_dispatch/middleware/cookies.rb:560:in `call'
  activerecord (4.1.7) lib/active_record/query_cache.rb:36:in `call'
  activerecord (4.1.7) lib/active_record/connection_adapters/abstract/connection_pool.rb:621:in `call'
  activerecord (4.1.7) lib/active_record/migration.rb:380:in `call'
  actionpack (4.1.7) lib/action_dispatch/middleware/callbacks.rb:29:in `block in call'
  activesupport (4.1.7) lib/active_support/callbacks.rb:82:in `run_callbacks'
  actionpack (4.1.7) lib/action_dispatch/middleware/callbacks.rb:27:in `call'
  actionpack (4.1.7) lib/action_dispatch/middleware/reloader.rb:73:in `call'
  actionpack (4.1.7) lib/action_dispatch/middleware/remote_ip.rb:76:in `call'
  actionpack (4.1.7) lib/action_dispatch/middleware/debug_exceptions.rb:17:in `call'
  actionpack (4.1.7) lib/action_dispatch/middleware/show_exceptions.rb:30:in `call'
  railties (4.1.7) lib/rails/rack/logger.rb:38:in `call_app'
  railties (4.1.7) lib/rails/rack/logger.rb:20:in `block in call'
  activesupport (4.1.7) lib/active_support/tagged_logging.rb:68:in `block in tagged'
  activesupport (4.1.7) lib/active_support/tagged_logging.rb:26:in `tagged'
  activesupport (4.1.7) lib/active_support/tagged_logging.rb:68:in `tagged'
  railties (4.1.7) lib/rails/rack/logger.rb:20:in `call'
  actionpack (4.1.7) lib/action_dispatch/middleware/request_id.rb:21:in `call'
  rack (1.5.2) lib/rack/methodoverride.rb:21:in `call'
  rack (1.5.2) lib/rack/runtime.rb:17:in `call'
  activesupport (4.1.7) lib/active_support/cache/strategy/local_cache_middleware.rb:26:in `call'
  rack (1.5.2) lib/rack/lock.rb:17:in `call'
  actionpack (4.1.7) lib/action_dispatch/middleware/static.rb:84:in `call'
  rack (1.5.2) lib/rack/sendfile.rb:112:in `call'
  railties (4.1.7) lib/rails/engine.rb:514:in `call'
  railties (4.1.7) lib/rails/application.rb:144:in `call'
  rack (1.5.2) lib/rack/lock.rb:17:in `call'
  rack (1.5.2) lib/rack/content_length.rb:14:in `call'
  rack (1.5.2) lib/rack/handler/webrick.rb:60:in `service'
  /Users/fadie/.rvm/rubies/ruby-2.1.2/lib/ruby/2.1.0/webrick/httpserver.rb:138:in `service'
  /Users/fadie/.rvm/rubies/ruby-2.1.2/lib/ruby/2.1.0/webrick/httpserver.rb:94:in `run'
  /Users/fadie/.rvm/rubies/ruby-2.1.2/lib/ruby/2.1.0/webrick/server.rb:295:in `block in start_thread'


  Rendered /Users/fadie/.rvm/gems/ruby-2.1.2/gems/actionpack-4.1.7/lib/action_dispatch/middleware/templates/rescues/unknown_action.html.erb within rescues/layout (0.4ms)


Started GET "/restaurants" for 127.0.0.1 at 2014-11-03 14:34:26 +0000
  [1m[36mActiveRecord::SchemaMigration Load (0.3ms)[0m  [1mSELECT "schema_migrations".* FROM "schema_migrations"[0m
Processing by RestaurantsController#index as HTML
  [1m[35m (0.2ms)[0m  SELECT COUNT(*) FROM "restaurants"
  [1m[36mRestaurant Load (0.2ms)[0m  [1mSELECT "restaurants".* FROM "restaurants"[0m
  Rendered restaurants/index.html.erb within layouts/application (7.2ms)
Completed 200 OK in 62ms (Views: 51.4ms | ActiveRecord: 2.0ms)


Started GET "/assets/restaurants.css?body=1" for 127.0.0.1 at 2014-11-03 14:34:26 +0000


Started GET "/assets/application.css?body=1" for 127.0.0.1 at 2014-11-03 14:34:26 +0000


Started GET "/assets/turbolinks.js?body=1" for 127.0.0.1 at 2014-11-03 14:34:26 +0000


Started GET "/assets/jquery_ujs.js?body=1" for 127.0.0.1 at 2014-11-03 14:34:26 +0000


Started GET "/assets/jquery.js?body=1" for 127.0.0.1 at 2014-11-03 14:34:26 +0000


Started GET "/assets/restaurants.js?body=1" for 127.0.0.1 at 2014-11-03 14:34:26 +0000


Started GET "/assets/application.js?body=1" for 127.0.0.1 at 2014-11-03 14:34:26 +0000


Started GET "/restaurants/1/edit" for 127.0.0.1 at 2014-11-03 14:34:27 +0000
Processing by RestaurantsController#edit as HTML
  Parameters: {"id"=>"1"}
  [1m[35mRestaurant Load (0.2ms)[0m  SELECT  "restaurants".* FROM "restaurants"  WHERE "restaurants"."id" = $1 LIMIT 1  [["id", 1]]
  Rendered restaurants/edit.html.erb within layouts/application (14.3ms)
Completed 200 OK in 45ms (Views: 40.7ms | ActiveRecord: 0.4ms)


Started GET "/restaurants" for 127.0.0.1 at 2014-11-03 14:35:43 +0000
  [1m[36mActiveRecord::SchemaMigration Load (0.3ms)[0m  [1mSELECT "schema_migrations".* FROM "schema_migrations"[0m
Processing by RestaurantsController#index as HTML
  [1m[35m (0.2ms)[0m  SELECT COUNT(*) FROM "restaurants"
  [1m[36mRestaurant Load (0.2ms)[0m  [1mSELECT "restaurants".* FROM "restaurants"[0m
  Rendered restaurants/index.html.erb within layouts/application (7.2ms)
Completed 200 OK in 68ms (Views: 57.9ms | ActiveRecord: 1.9ms)


Started GET "/assets/application.css?body=1" for 127.0.0.1 at 2014-11-03 14:35:44 +0000


Started GET "/assets/jquery.js?body=1" for 127.0.0.1 at 2014-11-03 14:35:44 +0000


Started GET "/assets/restaurants.css?body=1" for 127.0.0.1 at 2014-11-03 14:35:44 +0000


Started GET "/assets/turbolinks.js?body=1" for 127.0.0.1 at 2014-11-03 14:35:44 +0000


Started GET "/assets/jquery_ujs.js?body=1" for 127.0.0.1 at 2014-11-03 14:35:44 +0000


Started GET "/assets/restaurants.js?body=1" for 127.0.0.1 at 2014-11-03 14:35:44 +0000


Started GET "/assets/application.js?body=1" for 127.0.0.1 at 2014-11-03 14:35:44 +0000


Started GET "/restaurants/1/edit" for 127.0.0.1 at 2014-11-03 14:35:45 +0000
Processing by RestaurantsController#edit as HTML
  Parameters: {"id"=>"1"}
  [1m[35mRestaurant Load (0.2ms)[0m  SELECT  "restaurants".* FROM "restaurants"  WHERE "restaurants"."id" = $1 LIMIT 1  [["id", 1]]
  Rendered restaurants/edit.html.erb within layouts/application (10.7ms)
Completed 200 OK in 45ms (Views: 43.2ms | ActiveRecord: 0.4ms)


Started PATCH "/restaurants/1" for 127.0.0.1 at 2014-11-03 14:35:50 +0000
Processing by RestaurantsController#update as HTML
  Parameters: {"utf8"=>"✓", "authenticity_token"=>"zQx0xl7G9Z9b3VARnriZ5K8t6Zirzxd9/bdU8MvYLDA=", "restaurant"=>{"name"=>"KFC4"}, "commit"=>"Update Restaurant", "id"=>"1"}
Completed 500 Internal Server Error in 1ms

TypeError (no implicit conversion of Symbol into Integer):
  app/controllers/restaurants_controller.rb:25:in `[]'
  app/controllers/restaurants_controller.rb:25:in `update'


  Rendered /Users/fadie/.rvm/gems/ruby-2.1.2/gems/actionpack-4.1.7/lib/action_dispatch/middleware/templates/rescues/_source.erb (0.5ms)
  Rendered /Users/fadie/.rvm/gems/ruby-2.1.2/gems/actionpack-4.1.7/lib/action_dispatch/middleware/templates/rescues/_trace.html.erb (0.8ms)
  Rendered /Users/fadie/.rvm/gems/ruby-2.1.2/gems/actionpack-4.1.7/lib/action_dispatch/middleware/templates/rescues/_request_and_response.html.erb (0.8ms)
  Rendered /Users/fadie/.rvm/gems/ruby-2.1.2/gems/actionpack-4.1.7/lib/action_dispatch/middleware/templates/rescues/diagnostics.erb within rescues/layout (10.9ms)


Started PATCH "/restaurants/1" for 127.0.0.1 at 2014-11-03 14:36:17 +0000
Processing by RestaurantsController#update as HTML
  Parameters: {"utf8"=>"✓", "authenticity_token"=>"zQx0xl7G9Z9b3VARnriZ5K8t6Zirzxd9/bdU8MvYLDA=", "restaurant"=>{"name"=>"KFC4"}, "commit"=>"Update Restaurant", "id"=>"1"}
  [1m[36mRestaurant Load (0.4ms)[0m  [1mSELECT  "restaurants".* FROM "restaurants"  WHERE "restaurants"."id" = $1 LIMIT 1[0m  [["id", 1]]
  [1m[35m (0.1ms)[0m  BEGIN
  [1m[36m (0.1ms)[0m  [1mROLLBACK[0m
Completed 500 Internal Server Error in 7ms

ArgumentError (When assigning attributes, you must pass a hash as an argument.):
  app/controllers/restaurants_controller.rb:26:in `update'


  Rendered /Users/fadie/.rvm/gems/ruby-2.1.2/gems/actionpack-4.1.7/lib/action_dispatch/middleware/templates/rescues/_source.erb (0.5ms)
  Rendered /Users/fadie/.rvm/gems/ruby-2.1.2/gems/actionpack-4.1.7/lib/action_dispatch/middleware/templates/rescues/_trace.html.erb (0.9ms)
  Rendered /Users/fadie/.rvm/gems/ruby-2.1.2/gems/actionpack-4.1.7/lib/action_dispatch/middleware/templates/rescues/_request_and_response.html.erb (0.7ms)
  Rendered /Users/fadie/.rvm/gems/ruby-2.1.2/gems/actionpack-4.1.7/lib/action_dispatch/middleware/templates/rescues/diagnostics.erb within rescues/layout (10.9ms)


Started PATCH "/restaurants/1" for 127.0.0.1 at 2014-11-03 14:36:57 +0000
Processing by RestaurantsController#update as HTML
  Parameters: {"utf8"=>"✓", "authenticity_token"=>"zQx0xl7G9Z9b3VARnriZ5K8t6Zirzxd9/bdU8MvYLDA=", "restaurant"=>{"name"=>"KFC4"}, "commit"=>"Update Restaurant", "id"=>"1"}
  [1m[35mRestaurant Load (0.5ms)[0m  SELECT  "restaurants".* FROM "restaurants"  WHERE "restaurants"."id" = $1 LIMIT 1  [["id", 1]]
  [1m[36m (0.1ms)[0m  [1mBEGIN[0m
  [1m[35m (0.1ms)[0m  ROLLBACK
Completed 500 Internal Server Error in 11ms

ActiveModel::ForbiddenAttributesError (ActiveModel::ForbiddenAttributesError):
  app/controllers/restaurants_controller.rb:26:in `update'


  Rendered /Users/fadie/.rvm/gems/ruby-2.1.2/gems/actionpack-4.1.7/lib/action_dispatch/middleware/templates/rescues/_source.erb (0.9ms)
  Rendered /Users/fadie/.rvm/gems/ruby-2.1.2/gems/actionpack-4.1.7/lib/action_dispatch/middleware/templates/rescues/_trace.html.erb (1.4ms)
  Rendered /Users/fadie/.rvm/gems/ruby-2.1.2/gems/actionpack-4.1.7/lib/action_dispatch/middleware/templates/rescues/_request_and_response.html.erb (0.9ms)
  Rendered /Users/fadie/.rvm/gems/ruby-2.1.2/gems/actionpack-4.1.7/lib/action_dispatch/middleware/templates/rescues/diagnostics.erb within rescues/layout (16.5ms)


Started GET "/restaurants/" for 127.0.0.1 at 2014-11-03 14:37:49 +0000
  [1m[36mActiveRecord::SchemaMigration Load (0.3ms)[0m  [1mSELECT "schema_migrations".* FROM "schema_migrations"[0m
Processing by RestaurantsController#index as HTML
  [1m[35m (0.2ms)[0m  SELECT COUNT(*) FROM "restaurants"
  [1m[36mRestaurant Load (0.2ms)[0m  [1mSELECT "restaurants".* FROM "restaurants"[0m
  Rendered restaurants/index.html.erb within layouts/application (7.6ms)
Completed 200 OK in 63ms (Views: 53.1ms | ActiveRecord: 2.1ms)


Started GET "/assets/restaurants.css?body=1" for 127.0.0.1 at 2014-11-03 14:37:49 +0000


Started GET "/assets/jquery.js?body=1" for 127.0.0.1 at 2014-11-03 14:37:49 +0000


Started GET "/assets/jquery_ujs.js?body=1" for 127.0.0.1 at 2014-11-03 14:37:49 +0000


Started GET "/assets/application.css?body=1" for 127.0.0.1 at 2014-11-03 14:37:49 +0000


Started GET "/assets/turbolinks.js?body=1" for 127.0.0.1 at 2014-11-03 14:37:49 +0000


Started GET "/assets/restaurants.js?body=1" for 127.0.0.1 at 2014-11-03 14:37:49 +0000


Started GET "/assets/application.js?body=1" for 127.0.0.1 at 2014-11-03 14:37:49 +0000


Started GET "/restaurants/1/edit" for 127.0.0.1 at 2014-11-03 14:37:51 +0000
Processing by RestaurantsController#edit as HTML
  Parameters: {"id"=>"1"}
  [1m[35mRestaurant Load (0.2ms)[0m  SELECT  "restaurants".* FROM "restaurants"  WHERE "restaurants"."id" = $1 LIMIT 1  [["id", 1]]
  Rendered restaurants/edit.html.erb within layouts/application (14.2ms)
Completed 200 OK in 41ms (Views: 38.9ms | ActiveRecord: 0.4ms)


Started PATCH "/restaurants/1" for 127.0.0.1 at 2014-11-03 14:37:54 +0000
Processing by RestaurantsController#update as HTML
  Parameters: {"utf8"=>"✓", "authenticity_token"=>"zQx0xl7G9Z9b3VARnriZ5K8t6Zirzxd9/bdU8MvYLDA=", "restaurant"=>{"name"=>"KFC12389123"}, "commit"=>"Update Restaurant", "id"=>"1"}
  [1m[36mRestaurant Load (0.3ms)[0m  [1mSELECT  "restaurants".* FROM "restaurants"  WHERE "restaurants"."id" = $1 LIMIT 1[0m  [["id", 1]]
  [1m[35m (0.1ms)[0m  BEGIN
  [1m[36mSQL (0.3ms)[0m  [1mUPDATE "restaurants" SET "name" = $1, "updated_at" = $2 WHERE "restaurants"."id" = 1[0m  [["name", "KFC12389123"], ["updated_at", "2014-11-03 14:37:54.616082"]]
  [1m[35m (6.7ms)[0m  COMMIT
Redirected to http://localhost:3000/restaurants
Completed 302 Found in 13ms (ActiveRecord: 7.3ms)


Started GET "/restaurants" for 127.0.0.1 at 2014-11-03 14:37:54 +0000
Processing by RestaurantsController#index as HTML
  [1m[36m (0.6ms)[0m  [1mSELECT COUNT(*) FROM "restaurants"[0m
  [1m[35mRestaurant Load (0.8ms)[0m  SELECT "restaurants".* FROM "restaurants"
  Rendered restaurants/index.html.erb within layouts/application (5.0ms)
Completed 200 OK in 35ms (Views: 33.2ms | ActiveRecord: 1.4ms)


Started GET "/assets/restaurants.css?body=1" for 127.0.0.1 at 2014-11-03 14:37:54 +0000


Started GET "/assets/application.css?body=1" for 127.0.0.1 at 2014-11-03 14:37:54 +0000


Started GET "/assets/jquery_ujs.js?body=1" for 127.0.0.1 at 2014-11-03 14:37:54 +0000


Started GET "/assets/application.js?body=1" for 127.0.0.1 at 2014-11-03 14:37:54 +0000


Started GET "/assets/restaurants.js?body=1" for 127.0.0.1 at 2014-11-03 14:37:54 +0000


Started GET "/assets/jquery.js?body=1" for 127.0.0.1 at 2014-11-03 14:37:54 +0000


Started GET "/assets/turbolinks.js?body=1" for 127.0.0.1 at 2014-11-03 14:37:54 +0000


Started GET "/restaurants" for 127.0.0.1 at 2014-11-03 14:43:00 +0000
  [1m[36mActiveRecord::SchemaMigration Load (0.4ms)[0m  [1mSELECT "schema_migrations".* FROM "schema_migrations"[0m
Processing by RestaurantsController#index as HTML
  [1m[35m (0.2ms)[0m  SELECT COUNT(*) FROM "restaurants"
  [1m[36mRestaurant Load (0.2ms)[0m  [1mSELECT "restaurants".* FROM "restaurants"[0m
  Rendered restaurants/index.html.erb within layouts/application (7.2ms)
Completed 200 OK in 92ms (Views: 81.8ms | ActiveRecord: 1.8ms)


Started GET "/assets/application.css?body=1" for 127.0.0.1 at 2014-11-03 14:43:00 +0000


Started GET "/assets/restaurants.css?body=1" for 127.0.0.1 at 2014-11-03 14:43:00 +0000


Started GET "/assets/jquery.js?body=1" for 127.0.0.1 at 2014-11-03 14:43:00 +0000


Started GET "/assets/turbolinks.js?body=1" for 127.0.0.1 at 2014-11-03 14:43:00 +0000


Started GET "/assets/jquery_ujs.js?body=1" for 127.0.0.1 at 2014-11-03 14:43:00 +0000


Started GET "/assets/restaurants.js?body=1" for 127.0.0.1 at 2014-11-03 14:43:00 +0000


Started GET "/assets/application.js?body=1" for 127.0.0.1 at 2014-11-03 14:43:00 +0000


Started GET "/restaurants/2/edit" for 127.0.0.1 at 2014-11-03 14:43:02 +0000
Processing by RestaurantsController#edit as HTML
  Parameters: {"id"=>"2"}
  [1m[35mRestaurant Load (0.2ms)[0m  SELECT  "restaurants".* FROM "restaurants"  WHERE "restaurants"."id" = $1 LIMIT 1  [["id", 2]]
  Rendered restaurants/edit.html.erb within layouts/application (14.2ms)
Completed 200 OK in 48ms (Views: 45.8ms | ActiveRecord: 0.4ms)


Started PATCH "/restaurants/2" for 127.0.0.1 at 2014-11-03 14:43:10 +0000
Processing by RestaurantsController#update as HTML
  Parameters: {"utf8"=>"✓", "authenticity_token"=>"zQx0xl7G9Z9b3VARnriZ5K8t6Zirzxd9/bdU8MvYLDA=", "restaurant"=>{"name"=>"BURGER KING213213132"}, "commit"=>"Update Restaurant", "id"=>"2"}
  [1m[36mRestaurant Load (0.2ms)[0m  [1mSELECT  "restaurants".* FROM "restaurants"  WHERE "restaurants"."id" = $1 LIMIT 1[0m  [["id", 2]]
  [1m[35m (0.1ms)[0m  BEGIN
  [1m[36mSQL (0.3ms)[0m  [1mUPDATE "restaurants" SET "name" = $1, "updated_at" = $2 WHERE "restaurants"."id" = 2[0m  [["name", "BURGER KING213213132"], ["updated_at", "2014-11-03 14:43:10.073219"]]
  [1m[35m (6.1ms)[0m  COMMIT
Redirected to http://localhost:3000/restaurants
Completed 302 Found in 13ms (ActiveRecord: 6.8ms)


Started GET "/restaurants" for 127.0.0.1 at 2014-11-03 14:43:10 +0000
Processing by RestaurantsController#index as HTML
  [1m[36m (0.2ms)[0m  [1mSELECT COUNT(*) FROM "restaurants"[0m
  [1m[35mRestaurant Load (0.2ms)[0m  SELECT "restaurants".* FROM "restaurants"
  Rendered restaurants/index.html.erb within layouts/application (1.7ms)
Completed 200 OK in 32ms (Views: 31.2ms | ActiveRecord: 0.4ms)


Started GET "/assets/restaurants.css?body=1" for 127.0.0.1 at 2014-11-03 14:43:10 +0000


Started GET "/assets/jquery.js?body=1" for 127.0.0.1 at 2014-11-03 14:43:10 +0000


Started GET "/assets/application.css?body=1" for 127.0.0.1 at 2014-11-03 14:43:10 +0000


Started GET "/assets/jquery_ujs.js?body=1" for 127.0.0.1 at 2014-11-03 14:43:10 +0000


Started GET "/assets/turbolinks.js?body=1" for 127.0.0.1 at 2014-11-03 14:43:10 +0000


Started GET "/assets/restaurants.js?body=1" for 127.0.0.1 at 2014-11-03 14:43:10 +0000


Started GET "/assets/application.js?body=1" for 127.0.0.1 at 2014-11-03 14:43:10 +0000


Started GET "/" for 127.0.0.1 at 2014-11-03 16:28:37 +0000
  [1m[36mActiveRecord::SchemaMigration Load (0.3ms)[0m  [1mSELECT "schema_migrations".* FROM "schema_migrations"[0m
Processing by Rails::WelcomeController#index as HTML
  Rendered /Users/fadie/.rvm/gems/ruby-2.1.2/gems/railties-4.1.7/lib/rails/templates/rails/welcome/index.html.erb (1.1ms)
Completed 200 OK in 12ms (Views: 4.6ms | ActiveRecord: 0.0ms)


Started GET "/restaurants" for 127.0.0.1 at 2014-11-03 16:28:38 +0000
Processing by RestaurantsController#index as HTML
  [1m[35m (0.2ms)[0m  SELECT COUNT(*) FROM "restaurants"
  [1m[36mRestaurant Load (0.2ms)[0m  [1mSELECT "restaurants".* FROM "restaurants"[0m
  Rendered restaurants/index.html.erb within layouts/application (6.6ms)
Completed 200 OK in 72ms (Views: 69.2ms | ActiveRecord: 1.8ms)


Started GET "/assets/restaurants.css?body=1" for 127.0.0.1 at 2014-11-03 16:28:38 +0000


Started GET "/assets/application.css?body=1" for 127.0.0.1 at 2014-11-03 16:28:38 +0000


Started GET "/assets/jquery.js?body=1" for 127.0.0.1 at 2014-11-03 16:28:38 +0000


Started GET "/assets/jquery_ujs.js?body=1" for 127.0.0.1 at 2014-11-03 16:28:38 +0000


Started GET "/assets/turbolinks.js?body=1" for 127.0.0.1 at 2014-11-03 16:28:38 +0000


Started GET "/assets/restaurants.js?body=1" for 127.0.0.1 at 2014-11-03 16:28:38 +0000


Started GET "/assets/application.js?body=1" for 127.0.0.1 at 2014-11-03 16:28:38 +0000


Started GET "/restaurants/1/edit" for 127.0.0.1 at 2014-11-03 16:28:41 +0000
Processing by RestaurantsController#edit as HTML
  Parameters: {"id"=>"1"}
  [1m[35mRestaurant Load (0.2ms)[0m  SELECT  "restaurants".* FROM "restaurants"  WHERE "restaurants"."id" = $1 LIMIT 1  [["id", 1]]
  Rendered restaurants/edit.html.erb within layouts/application (11.7ms)
Completed 200 OK in 47ms (Views: 43.8ms | ActiveRecord: 0.4ms)
  [1m[36mActiveRecord::SchemaMigration Load (0.3ms)[0m  [1mSELECT "schema_migrations".* FROM "schema_migrations"[0m
Migrating to AddRatingToRestaurants (20141103163330)
  [1m[35m (0.1ms)[0m  BEGIN
  [1m[36m (9.8ms)[0m  [1mALTER TABLE "restaurants" ADD COLUMN "rating" integer[0m
  [1m[35mSQL (0.2ms)[0m  INSERT INTO "schema_migrations" ("version") VALUES ($1)  [["version", "20141103163330"]]
  [1m[36m (0.4ms)[0m  [1mCOMMIT[0m
  [1m[35mActiveRecord::SchemaMigration Load (0.1ms)[0m  SELECT "schema_migrations".* FROM "schema_migrations"
  [1m[36mActiveRecord::SchemaMigration Load (1.9ms)[0m  [1mSELECT "schema_migrations".* FROM "schema_migrations"[0m
Migrating to CreateReviews (20141104114117)
  [1m[35m (0.1ms)[0m  BEGIN
  [1m[36m (22.4ms)[0m  [1mCREATE TABLE "reviews" ("id" serial primary key, "thoughts" text, "rating" integer, "created_at" timestamp, "updated_at" timestamp) [0m
  [1m[35mSQL (0.6ms)[0m  INSERT INTO "schema_migrations" ("version") VALUES ($1)  [["version", "20141104114117"]]
  [1m[36m (0.6ms)[0m  [1mCOMMIT[0m
Migrating to AddRestaurantIdToReviews (20141104114649)
  [1m[35m (0.2ms)[0m  BEGIN
  [1m[36m (0.6ms)[0m  [1mALTER TABLE "reviews" ADD COLUMN "restaurant_id" integer[0m
  [1m[35m (0.8ms)[0m  CREATE  INDEX  "index_reviews_on_restaurant_id" ON "reviews"  ("restaurant_id")
  [1m[36mSQL (0.2ms)[0m  [1mINSERT INTO "schema_migrations" ("version") VALUES ($1)[0m  [["version", "20141104114649"]]
  [1m[35m (0.4ms)[0m  COMMIT
  [1m[36mActiveRecord::SchemaMigration Load (0.2ms)[0m  [1mSELECT "schema_migrations".* FROM "schema_migrations"[0m


Started GET "/" for 127.0.0.1 at 2014-11-04 11:53:40 +0000
  [1m[36mActiveRecord::SchemaMigration Load (0.4ms)[0m  [1mSELECT "schema_migrations".* FROM "schema_migrations"[0m
Processing by Rails::WelcomeController#index as HTML
  Rendered /Users/fadie/.rvm/gems/ruby-2.1.2/gems/railties-4.1.7/lib/rails/templates/rails/welcome/index.html.erb (2.6ms)
Completed 200 OK in 14ms (Views: 6.7ms | ActiveRecord: 0.0ms)


Started GET "/restaurants" for 127.0.0.1 at 2014-11-04 11:53:44 +0000
Processing by RestaurantsController#index as HTML
  [1m[35m (8.6ms)[0m  SELECT COUNT(*) FROM "restaurants"
  [1m[36mRestaurant Load (1.0ms)[0m  [1mSELECT "restaurants".* FROM "restaurants"[0m
  Rendered restaurants/index.html.erb within layouts/application (27.1ms)
Completed 200 OK in 321ms (Views: 303.1ms | ActiveRecord: 12.7ms)


Started GET "/assets/restaurants.css?body=1" for 127.0.0.1 at 2014-11-04 11:53:44 +0000


Started GET "/assets/application.css?body=1" for 127.0.0.1 at 2014-11-04 11:53:44 +0000


Started GET "/assets/reviews.css?body=1" for 127.0.0.1 at 2014-11-04 11:53:44 +0000


Started GET "/assets/jquery.js?body=1" for 127.0.0.1 at 2014-11-04 11:53:44 +0000


Started GET "/assets/restaurants.js?body=1" for 127.0.0.1 at 2014-11-04 11:53:44 +0000


Started GET "/assets/turbolinks.js?body=1" for 127.0.0.1 at 2014-11-04 11:53:44 +0000


Started GET "/assets/jquery_ujs.js?body=1" for 127.0.0.1 at 2014-11-04 11:53:44 +0000


Started GET "/assets/reviews.js?body=1" for 127.0.0.1 at 2014-11-04 11:53:44 +0000


Started GET "/assets/application.js?body=1" for 127.0.0.1 at 2014-11-04 11:53:44 +0000


Started GET "/restaurants/3/reviews/new" for 127.0.0.1 at 2014-11-04 11:53:49 +0000
Processing by ReviewsController#new as HTML
  Parameters: {"restaurant_id"=>"3"}
  [1m[35mRestaurant Load (8.7ms)[0m  SELECT  "restaurants".* FROM "restaurants"  WHERE "restaurants"."id" = $1 LIMIT 1  [["id", 3]]
  Rendered reviews/new.html.erb within layouts/application (26.8ms)
Completed 200 OK in 91ms (Views: 70.3ms | ActiveRecord: 11.6ms)


Started POST "/restaurants/3/reviews" for 127.0.0.1 at 2014-11-04 11:53:58 +0000
Processing by ReviewsController#create as HTML
  Parameters: {"utf8"=>"✓", "authenticity_token"=>"mhPKD8vKeT3gHvC/+jbntKpjjxjq2pgCegHb/xV/Je4=", "review"=>{"thoughts"=>"So so", "rating"=>"3"}, "commit"=>"Leave Review", "restaurant_id"=>"3"}
  [1m[36mRestaurant Load (0.2ms)[0m  [1mSELECT  "restaurants".* FROM "restaurants"  WHERE "restaurants"."id" = $1 LIMIT 1[0m  [["id", 3]]
  [1m[35m (0.1ms)[0m  BEGIN
  [1m[36mSQL (1.9ms)[0m  [1mINSERT INTO "reviews" ("created_at", "rating", "restaurant_id", "thoughts", "updated_at") VALUES ($1, $2, $3, $4, $5) RETURNING "id"[0m  [["created_at", "2014-11-04 11:53:58.471525"], ["rating", 3], ["restaurant_id", 3], ["thoughts", "So so"], ["updated_at", "2014-11-04 11:53:58.471525"]]
  [1m[35m (0.6ms)[0m  COMMIT
Redirected to http://localhost:3000/restaurants
Completed 302 Found in 24ms (ActiveRecord: 2.9ms)


Started GET "/restaurants" for 127.0.0.1 at 2014-11-04 11:53:58 +0000
Processing by RestaurantsController#index as HTML
  [1m[36m (1.1ms)[0m  [1mSELECT COUNT(*) FROM "restaurants"[0m
  [1m[35mRestaurant Load (1.3ms)[0m  SELECT "restaurants".* FROM "restaurants"
  Rendered restaurants/index.html.erb within layouts/application (8.3ms)
Completed 200 OK in 39ms (Views: 36.0ms | ActiveRecord: 2.4ms)


Started GET "/assets/restaurants.css?body=1" for 127.0.0.1 at 2014-11-04 11:53:58 +0000


Started GET "/assets/jquery.js?body=1" for 127.0.0.1 at 2014-11-04 11:53:58 +0000


Started GET "/assets/reviews.css?body=1" for 127.0.0.1 at 2014-11-04 11:53:58 +0000


Started GET "/assets/application.css?body=1" for 127.0.0.1 at 2014-11-04 11:53:58 +0000


Started GET "/assets/jquery_ujs.js?body=1" for 127.0.0.1 at 2014-11-04 11:53:58 +0000


Started GET "/assets/restaurants.js?body=1" for 127.0.0.1 at 2014-11-04 11:53:58 +0000


Started GET "/assets/turbolinks.js?body=1" for 127.0.0.1 at 2014-11-04 11:53:58 +0000


Started GET "/assets/reviews.js?body=1" for 127.0.0.1 at 2014-11-04 11:53:58 +0000


Started GET "/assets/application.js?body=1" for 127.0.0.1 at 2014-11-04 11:53:58 +0000


Started GET "/restaurants" for 127.0.0.1 at 2014-11-04 12:13:28 +0000
  [1m[36mActiveRecord::SchemaMigration Load (0.3ms)[0m  [1mSELECT "schema_migrations".* FROM "schema_migrations"[0m
Processing by RestaurantsController#index as HTML
  [1m[35m (0.2ms)[0m  SELECT COUNT(*) FROM "restaurants"
  [1m[36mRestaurant Load (0.2ms)[0m  [1mSELECT "restaurants".* FROM "restaurants"[0m
  [1m[35mReview Exists (0.3ms)[0m  SELECT  1 AS one FROM "reviews"  WHERE "reviews"."restaurant_id" = $1 LIMIT 1  [["restaurant_id", 3]]
  [1m[36mReview Load (0.2ms)[0m  [1mSELECT "reviews".* FROM "reviews"  WHERE "reviews"."restaurant_id" = $1[0m  [["restaurant_id", 3]]
  [1m[35mReview Exists (0.2ms)[0m  SELECT  1 AS one FROM "reviews"  WHERE "reviews"."restaurant_id" = $1 LIMIT 1  [["restaurant_id", 4]]
  [1m[36mReview Exists (0.2ms)[0m  [1mSELECT  1 AS one FROM "reviews"  WHERE "reviews"."restaurant_id" = $1 LIMIT 1[0m  [["restaurant_id", 1]]
  [1m[35mReview Exists (0.2ms)[0m  SELECT  1 AS one FROM "reviews"  WHERE "reviews"."restaurant_id" = $1 LIMIT 1  [["restaurant_id", 2]]
  [1m[36mReview Exists (0.2ms)[0m  [1mSELECT  1 AS one FROM "reviews"  WHERE "reviews"."restaurant_id" = $1 LIMIT 1[0m  [["restaurant_id", 5]]
  Rendered restaurants/index.html.erb within layouts/application (51.8ms)
Completed 200 OK in 125ms (Views: 105.3ms | ActiveRecord: 8.6ms)


Started GET "/assets/restaurants.css?body=1" for 127.0.0.1 at 2014-11-04 12:13:28 +0000


Started GET "/assets/application.css?body=1" for 127.0.0.1 at 2014-11-04 12:13:28 +0000


Started GET "/assets/reviews.css?body=1" for 127.0.0.1 at 2014-11-04 12:13:28 +0000


Started GET "/assets/jquery_ujs.js?body=1" for 127.0.0.1 at 2014-11-04 12:13:28 +0000


Started GET "/assets/jquery.js?body=1" for 127.0.0.1 at 2014-11-04 12:13:28 +0000


Started GET "/assets/turbolinks.js?body=1" for 127.0.0.1 at 2014-11-04 12:13:28 +0000


Started GET "/assets/restaurants.js?body=1" for 127.0.0.1 at 2014-11-04 12:13:28 +0000


Started GET "/assets/reviews.js?body=1" for 127.0.0.1 at 2014-11-04 12:13:28 +0000


Started GET "/assets/application.js?body=1" for 127.0.0.1 at 2014-11-04 12:13:28 +0000


Started GET "/restaurants/3/reviews/new" for 127.0.0.1 at 2014-11-04 12:13:57 +0000
Processing by ReviewsController#new as HTML
  Parameters: {"restaurant_id"=>"3"}
  [1m[35mRestaurant Load (0.3ms)[0m  SELECT  "restaurants".* FROM "restaurants"  WHERE "restaurants"."id" = $1 LIMIT 1  [["id", 3]]
  Rendered reviews/new.html.erb within layouts/application (23.5ms)
Completed 200 OK in 72ms (Views: 68.0ms | ActiveRecord: 0.3ms)


Started POST "/restaurants/3/reviews" for 127.0.0.1 at 2014-11-04 12:14:03 +0000
Processing by ReviewsController#create as HTML
  Parameters: {"utf8"=>"✓", "authenticity_token"=>"mhPKD8vKeT3gHvC/+jbntKpjjxjq2pgCegHb/xV/Je4=", "review"=>{"thoughts"=>"SICK MATE", "rating"=>"5"}, "commit"=>"Leave Review", "restaurant_id"=>"3"}
  [1m[36mRestaurant Load (0.3ms)[0m  [1mSELECT  "restaurants".* FROM "restaurants"  WHERE "restaurants"."id" = $1 LIMIT 1[0m  [["id", 3]]
  [1m[35m (0.1ms)[0m  BEGIN
  [1m[36mSQL (0.2ms)[0m  [1mINSERT INTO "reviews" ("created_at", "rating", "restaurant_id", "thoughts", "updated_at") VALUES ($1, $2, $3, $4, $5) RETURNING "id"[0m  [["created_at", "2014-11-04 12:14:03.191757"], ["rating", 5], ["restaurant_id", 3], ["thoughts", "SICK MATE"], ["updated_at", "2014-11-04 12:14:03.191757"]]
  [1m[35m (8.1ms)[0m  COMMIT
Redirected to http://localhost:3000/restaurants
Completed 302 Found in 15ms (ActiveRecord: 8.7ms)


Started GET "/restaurants" for 127.0.0.1 at 2014-11-04 12:14:03 +0000
Processing by RestaurantsController#index as HTML
  [1m[36m (0.2ms)[0m  [1mSELECT COUNT(*) FROM "restaurants"[0m
  [1m[35mRestaurant Load (0.2ms)[0m  SELECT "restaurants".* FROM "restaurants"
  [1m[36mReview Exists (0.2ms)[0m  [1mSELECT  1 AS one FROM "reviews"  WHERE "reviews"."restaurant_id" = $1 LIMIT 1[0m  [["restaurant_id", 3]]
  [1m[35mReview Load (0.2ms)[0m  SELECT "reviews".* FROM "reviews"  WHERE "reviews"."restaurant_id" = $1  [["restaurant_id", 3]]
  [1m[36mReview Exists (1.2ms)[0m  [1mSELECT  1 AS one FROM "reviews"  WHERE "reviews"."restaurant_id" = $1 LIMIT 1[0m  [["restaurant_id", 4]]
  [1m[35mReview Exists (0.5ms)[0m  SELECT  1 AS one FROM "reviews"  WHERE "reviews"."restaurant_id" = $1 LIMIT 1  [["restaurant_id", 1]]
  [1m[36mReview Exists (0.2ms)[0m  [1mSELECT  1 AS one FROM "reviews"  WHERE "reviews"."restaurant_id" = $1 LIMIT 1[0m  [["restaurant_id", 2]]
  [1m[35mReview Exists (0.1ms)[0m  SELECT  1 AS one FROM "reviews"  WHERE "reviews"."restaurant_id" = $1 LIMIT 1  [["restaurant_id", 5]]
  Rendered restaurants/index.html.erb within layouts/application (16.2ms)
Completed 200 OK in 47ms (Views: 44.1ms | ActiveRecord: 2.9ms)


Started GET "/assets/restaurants.css?body=1" for 127.0.0.1 at 2014-11-04 12:14:03 +0000


Started GET "/assets/jquery.js?body=1" for 127.0.0.1 at 2014-11-04 12:14:03 +0000


Started GET "/assets/application.css?body=1" for 127.0.0.1 at 2014-11-04 12:14:03 +0000


Started GET "/assets/reviews.css?body=1" for 127.0.0.1 at 2014-11-04 12:14:03 +0000


Started GET "/assets/restaurants.js?body=1" for 127.0.0.1 at 2014-11-04 12:14:03 +0000


Started GET "/assets/turbolinks.js?body=1" for 127.0.0.1 at 2014-11-04 12:14:03 +0000


Started GET "/assets/jquery_ujs.js?body=1" for 127.0.0.1 at 2014-11-04 12:14:03 +0000


Started GET "/assets/reviews.js?body=1" for 127.0.0.1 at 2014-11-04 12:14:03 +0000


Started GET "/assets/application.js?body=1" for 127.0.0.1 at 2014-11-04 12:14:03 +0000
  [1m[36mActiveRecord::SchemaMigration Load (0.4ms)[0m  [1mSELECT "schema_migrations".* FROM "schema_migrations"[0m
Migrating to DeviseCreateUsers (20141104133952)
  [1m[35m (0.1ms)[0m  BEGIN
  [1m[36m (3.5ms)[0m  [1mCREATE TABLE "users" ("id" serial primary key, "email" character varying(255) DEFAULT '' NOT NULL, "encrypted_password" character varying(255) DEFAULT '' NOT NULL, "reset_password_token" character varying(255), "reset_password_sent_at" timestamp, "remember_created_at" timestamp, "sign_in_count" integer DEFAULT 0 NOT NULL, "current_sign_in_at" timestamp, "last_sign_in_at" timestamp, "current_sign_in_ip" inet, "last_sign_in_ip" inet, "created_at" timestamp, "updated_at" timestamp) [0m
  [1m[35m (0.8ms)[0m  CREATE UNIQUE INDEX  "index_users_on_email" ON "users"  ("email")
  [1m[36m (0.8ms)[0m  [1mCREATE UNIQUE INDEX  "index_users_on_reset_password_token" ON "users"  ("reset_password_token")[0m
  [1m[35mSQL (0.2ms)[0m  INSERT INTO "schema_migrations" ("version") VALUES ($1)  [["version", "20141104133952"]]
  [1m[36m (0.7ms)[0m  [1mCOMMIT[0m
  [1m[35mActiveRecord::SchemaMigration Load (0.1ms)[0m  SELECT "schema_migrations".* FROM "schema_migrations"


Started GET "/users/new" for 127.0.0.1 at 2014-11-04 13:48:34 +0000
  [1m[36mActiveRecord::SchemaMigration Load (0.4ms)[0m  [1mSELECT "schema_migrations".* FROM "schema_migrations"[0m

ActionController::RoutingError (No route matches [GET] "/users/new"):
  actionpack (4.1.7) lib/action_dispatch/middleware/debug_exceptions.rb:21:in `call'
  actionpack (4.1.7) lib/action_dispatch/middleware/show_exceptions.rb:30:in `call'
  railties (4.1.7) lib/rails/rack/logger.rb:38:in `call_app'
  railties (4.1.7) lib/rails/rack/logger.rb:20:in `block in call'
  activesupport (4.1.7) lib/active_support/tagged_logging.rb:68:in `block in tagged'
  activesupport (4.1.7) lib/active_support/tagged_logging.rb:26:in `tagged'
  activesupport (4.1.7) lib/active_support/tagged_logging.rb:68:in `tagged'
  railties (4.1.7) lib/rails/rack/logger.rb:20:in `call'
  actionpack (4.1.7) lib/action_dispatch/middleware/request_id.rb:21:in `call'
  rack (1.5.2) lib/rack/methodoverride.rb:21:in `call'
  rack (1.5.2) lib/rack/runtime.rb:17:in `call'
  activesupport (4.1.7) lib/active_support/cache/strategy/local_cache_middleware.rb:26:in `call'
  rack (1.5.2) lib/rack/lock.rb:17:in `call'
  actionpack (4.1.7) lib/action_dispatch/middleware/static.rb:84:in `call'
  rack (1.5.2) lib/rack/sendfile.rb:112:in `call'
  railties (4.1.7) lib/rails/engine.rb:514:in `call'
  railties (4.1.7) lib/rails/application.rb:144:in `call'
  rack (1.5.2) lib/rack/lock.rb:17:in `call'
  rack (1.5.2) lib/rack/content_length.rb:14:in `call'
  rack (1.5.2) lib/rack/handler/webrick.rb:60:in `service'
  /Users/fadie/.rvm/rubies/ruby-2.1.2/lib/ruby/2.1.0/webrick/httpserver.rb:138:in `service'
  /Users/fadie/.rvm/rubies/ruby-2.1.2/lib/ruby/2.1.0/webrick/httpserver.rb:94:in `run'
  /Users/fadie/.rvm/rubies/ruby-2.1.2/lib/ruby/2.1.0/webrick/server.rb:295:in `block in start_thread'


  Rendered /Users/fadie/.rvm/gems/ruby-2.1.2/gems/actionpack-4.1.7/lib/action_dispatch/middleware/templates/rescues/_trace.html.erb (1.1ms)
  Rendered /Users/fadie/.rvm/gems/ruby-2.1.2/gems/actionpack-4.1.7/lib/action_dispatch/middleware/templates/routes/_route.html.erb (2.5ms)
  Rendered /Users/fadie/.rvm/gems/ruby-2.1.2/gems/actionpack-4.1.7/lib/action_dispatch/middleware/templates/routes/_table.html.erb (8.5ms)
  Rendered /Users/fadie/.rvm/gems/ruby-2.1.2/gems/actionpack-4.1.7/lib/action_dispatch/middleware/templates/rescues/routing_error.html.erb within rescues/layout (38.9ms)


Started GET "/users/sign_in" for 127.0.0.1 at 2014-11-04 13:48:43 +0000
Processing by Devise::SessionsController#new as HTML
  Rendered /Users/fadie/.rvm/gems/ruby-2.1.2/gems/devise-3.4.1/app/views/devise/shared/_links.html.erb (1.3ms)
  Rendered /Users/fadie/.rvm/gems/ruby-2.1.2/gems/devise-3.4.1/app/views/devise/sessions/new.html.erb within layouts/application (19.2ms)
Completed 200 OK in 102ms (Views: 78.5ms | ActiveRecord: 1.9ms)


Started GET "/assets/restaurants.css?body=1" for 127.0.0.1 at 2014-11-04 13:48:43 +0000


Started GET "/assets/reviews.css?body=1" for 127.0.0.1 at 2014-11-04 13:48:43 +0000


Started GET "/assets/application.css?body=1" for 127.0.0.1 at 2014-11-04 13:48:43 +0000


Started GET "/assets/jquery.js?body=1" for 127.0.0.1 at 2014-11-04 13:48:43 +0000


Started GET "/assets/jquery_ujs.js?body=1" for 127.0.0.1 at 2014-11-04 13:48:43 +0000


Started GET "/assets/turbolinks.js?body=1" for 127.0.0.1 at 2014-11-04 13:48:43 +0000


Started GET "/assets/restaurants.js?body=1" for 127.0.0.1 at 2014-11-04 13:48:43 +0000


Started GET "/assets/reviews.js?body=1" for 127.0.0.1 at 2014-11-04 13:48:43 +0000


Started GET "/assets/application.js?body=1" for 127.0.0.1 at 2014-11-04 13:48:43 +0000
